  [1m[35m (1805.1ms)[0m  [1m[35mCREATE DATABASE "thegossipproject_development" ENCODING = 'unicode'[0m
  ↳ bin/rails:9
  [1m[35m (847.8ms)[0m  [1m[35mCREATE DATABASE "thegossipproject_test" ENCODING = 'unicode'[0m
  ↳ bin/rails:9
  [1m[35m (97.5ms)[0m  [1m[35mCREATE TABLE "schema_migrations" ("version" character varying NOT NULL PRIMARY KEY)[0m
  ↳ bin/rails:9
  [1m[35m (93.3ms)[0m  [1m[35mCREATE TABLE "ar_internal_metadata" ("key" character varying NOT NULL PRIMARY KEY, "value" character varying, "created_at" timestamp NOT NULL, "updated_at" timestamp NOT NULL)[0m
  ↳ bin/rails:9
  [1m[35m (0.3ms)[0m  [1m[34mSELECT pg_try_advisory_lock(139692943724643015)[0m
  ↳ bin/rails:9
  [1m[35m (1.9ms)[0m  [1m[34mSELECT "schema_migrations"."version" FROM "schema_migrations" ORDER BY "schema_migrations"."version" ASC[0m
  ↳ bin/rails:9
  [1m[36mActiveRecord::InternalMetadata Load (0.8ms)[0m  [1m[34mSELECT  "ar_internal_metadata".* FROM "ar_internal_metadata" WHERE "ar_internal_metadata"."key" = $1 LIMIT $2[0m  [["key", "environment"], ["LIMIT", 1]]
  ↳ bin/rails:9
  [1m[35m (0.3ms)[0m  [1m[35mBEGIN[0m
  ↳ bin/rails:9
  [1m[36mActiveRecord::InternalMetadata Create (1.0ms)[0m  [1m[32mINSERT INTO "ar_internal_metadata" ("key", "value", "created_at", "updated_at") VALUES ($1, $2, $3, $4) RETURNING "key"[0m  [["key", "environment"], ["value", "development"], ["created_at", "2018-10-29 21:02:58.328641"], ["updated_at", "2018-10-29 21:02:58.328641"]]
  ↳ bin/rails:9
  [1m[35m (32.6ms)[0m  [1m[35mCOMMIT[0m
  ↳ bin/rails:9
  [1m[35m (0.6ms)[0m  [1m[34mSELECT pg_advisory_unlock(139692943724643015)[0m
  ↳ bin/rails:9
  [1m[35m (0.5ms)[0m  [1m[34mSELECT "schema_migrations"."version" FROM "schema_migrations" ORDER BY "schema_migrations"."version" ASC[0m
  ↳ bin/rails:9
  [1m[35m (0.7ms)[0m  [1m[34mSELECT pg_try_advisory_lock(139692943724643015)[0m
  ↳ bin/rails:9
  [1m[35m (2.2ms)[0m  [1m[34mSELECT "schema_migrations"."version" FROM "schema_migrations" ORDER BY "schema_migrations"."version" ASC[0m
  ↳ bin/rails:9
Migrating to CreateGossips (20181029211209)
  [1m[35m (0.3ms)[0m  [1m[35mBEGIN[0m
  ↳ bin/rails:9
  [1m[35m (148.4ms)[0m  [1m[35mCREATE TABLE "gossips" ("id" bigserial primary key, "author" character varying, "content" text, "created_at" timestamp NOT NULL, "updated_at" timestamp NOT NULL)[0m
  ↳ db/migrate/20181029211209_create_gossips.rb:3
  [1m[36mActiveRecord::SchemaMigration Create (1.4ms)[0m  [1m[32mINSERT INTO "schema_migrations" ("version") VALUES ($1) RETURNING "version"[0m  [["version", "20181029211209"]]
  ↳ bin/rails:9
  [1m[35m (20.7ms)[0m  [1m[35mCOMMIT[0m
  ↳ bin/rails:9
  [1m[36mActiveRecord::InternalMetadata Load (0.8ms)[0m  [1m[34mSELECT  "ar_internal_metadata".* FROM "ar_internal_metadata" WHERE "ar_internal_metadata"."key" = $1 LIMIT $2[0m  [["key", "environment"], ["LIMIT", 1]]
  ↳ bin/rails:9
  [1m[35m (0.5ms)[0m  [1m[35mBEGIN[0m
  ↳ bin/rails:9
  [1m[35m (0.5ms)[0m  [1m[35mCOMMIT[0m
  ↳ bin/rails:9
  [1m[35m (0.6ms)[0m  [1m[34mSELECT pg_advisory_unlock(139692943724643015)[0m
  ↳ bin/rails:9
  [1m[35m (0.8ms)[0m  [1m[34mSELECT "schema_migrations"."version" FROM "schema_migrations" ORDER BY "schema_migrations"."version" ASC[0m
  ↳ bin/rails:9
Started GET "/welcome/pute" for 127.0.0.1 at 2018-10-29 22:29:22 +0100
  [1m[35m (1.6ms)[0m  [1m[34mSELECT "schema_migrations"."version" FROM "schema_migrations" ORDER BY "schema_migrations"."version" ASC[0m
  ↳ /var/lib/gems/2.5.0/gems/activerecord-5.2.1/lib/active_record/log_subscriber.rb:98
Processing by WelcomeController#hello as HTML
  Parameters: {"first_name"=>"pute"}
  Rendering welcome/hello.html.erb within layouts/application
  Rendered welcome/hello.html.erb within layouts/application (4.5ms)
Completed 200 OK in 4482ms (Views: 4448.4ms | ActiveRecord: 0.0ms)


Started GET "/gossips" for 127.0.0.1 at 2018-10-29 22:29:59 +0100
  [1m[35m (2.0ms)[0m  [1m[34mSELECT "schema_migrations"."version" FROM "schema_migrations" ORDER BY "schema_migrations"."version" ASC[0m
  ↳ /var/lib/gems/2.5.0/gems/activerecord-5.2.1/lib/active_record/log_subscriber.rb:98
Processing by GossipsController#list_gossips as HTML
  Rendering gossips/list_gossips.html.erb within layouts/application
  [1m[36mGossip Load (1.5ms)[0m  [1m[34mSELECT "gossips".* FROM "gossips"[0m
  ↳ app/views/gossips/list_gossips.html.erb:31
  Rendered gossips/list_gossips.html.erb within layouts/application (45.0ms)
Completed 200 OK in 529ms (Views: 503.2ms | ActiveRecord: 5.2ms)


  [1m[35m (1.7ms)[0m  [1m[34mSELECT "schema_migrations"."version" FROM "schema_migrations" ORDER BY "schema_migrations"."version" ASC[0m
  ↳ bin/rails:9
  [1m[35m (132.9ms)[0m  [1m[35mTRUNCATE TABLE gossips RESTART IDENTITY[0m
  ↳ db/seeds.rb:4
  [1m[35m (0.4ms)[0m  [1m[35mBEGIN[0m
  ↳ db/seeds.rb:7
  [1m[36mGossip Create (1.3ms)[0m  [1m[32mINSERT INTO "gossips" ("author", "content", "created_at", "updated_at") VALUES ($1, $2, $3, $4) RETURNING "id"[0m  [["author", "Olin"], ["content", "Ex nemo quos exercitationem."], ["created_at", "2018-10-29 21:43:23.015354"], ["updated_at", "2018-10-29 21:43:23.015354"]]
  ↳ db/seeds.rb:7
  [1m[35m (61.0ms)[0m  [1m[35mCOMMIT[0m
  ↳ db/seeds.rb:7
  [1m[35m (0.5ms)[0m  [1m[35mBEGIN[0m
  ↳ db/seeds.rb:7
  [1m[36mGossip Create (1.0ms)[0m  [1m[32mINSERT INTO "gossips" ("author", "content", "created_at", "updated_at") VALUES ($1, $2, $3, $4) RETURNING "id"[0m  [["author", "Rhett"], ["content", "Et quidem facere qui."], ["created_at", "2018-10-29 21:43:23.084066"], ["updated_at", "2018-10-29 21:43:23.084066"]]
  ↳ db/seeds.rb:7
  [1m[35m (31.5ms)[0m  [1m[35mCOMMIT[0m
  ↳ db/seeds.rb:7
  [1m[35m (0.4ms)[0m  [1m[35mBEGIN[0m
  ↳ db/seeds.rb:7
  [1m[36mGossip Create (1.0ms)[0m  [1m[32mINSERT INTO "gossips" ("author", "content", "created_at", "updated_at") VALUES ($1, $2, $3, $4) RETURNING "id"[0m  [["author", "Lorine"], ["content", "Nobis quaerat corporis ut."], ["created_at", "2018-10-29 21:43:23.123504"], ["updated_at", "2018-10-29 21:43:23.123504"]]
  ↳ db/seeds.rb:7
  [1m[35m (25.3ms)[0m  [1m[35mCOMMIT[0m
  ↳ db/seeds.rb:7
  [1m[35m (0.3ms)[0m  [1m[35mBEGIN[0m
  ↳ db/seeds.rb:7
  [1m[36mGossip Create (0.8ms)[0m  [1m[32mINSERT INTO "gossips" ("author", "content", "created_at", "updated_at") VALUES ($1, $2, $3, $4) RETURNING "id"[0m  [["author", "Gaynell"], ["content", "Dolorum minima quis id."], ["created_at", "2018-10-29 21:43:23.155817"], ["updated_at", "2018-10-29 21:43:23.155817"]]
  ↳ db/seeds.rb:7
  [1m[35m (5.1ms)[0m  [1m[35mCOMMIT[0m
  ↳ db/seeds.rb:7
  [1m[35m (0.3ms)[0m  [1m[35mBEGIN[0m
  ↳ db/seeds.rb:7
  [1m[36mGossip Create (0.9ms)[0m  [1m[32mINSERT INTO "gossips" ("author", "content", "created_at", "updated_at") VALUES ($1, $2, $3, $4) RETURNING "id"[0m  [["author", "Carmelo"], ["content", "Voluptatem mollitia molestiae non."], ["created_at", "2018-10-29 21:43:23.167235"], ["updated_at", "2018-10-29 21:43:23.167235"]]
  ↳ db/seeds.rb:7
  [1m[35m (4.8ms)[0m  [1m[35mCOMMIT[0m
  ↳ db/seeds.rb:7
  [1m[35m (0.3ms)[0m  [1m[35mBEGIN[0m
  ↳ db/seeds.rb:7
  [1m[36mGossip Create (0.8ms)[0m  [1m[32mINSERT INTO "gossips" ("author", "content", "created_at", "updated_at") VALUES ($1, $2, $3, $4) RETURNING "id"[0m  [["author", "Winter"], ["content", "Aut est dolores ut."], ["created_at", "2018-10-29 21:43:23.177828"], ["updated_at", "2018-10-29 21:43:23.177828"]]
  ↳ db/seeds.rb:7
  [1m[35m (5.8ms)[0m  [1m[35mCOMMIT[0m
  ↳ db/seeds.rb:7
  [1m[35m (0.3ms)[0m  [1m[35mBEGIN[0m
  ↳ db/seeds.rb:7
  [1m[36mGossip Create (0.8ms)[0m  [1m[32mINSERT INTO "gossips" ("author", "content", "created_at", "updated_at") VALUES ($1, $2, $3, $4) RETURNING "id"[0m  [["author", "Ferdinand"], ["content", "Sit voluptates aut et."], ["created_at", "2018-10-29 21:43:23.189000"], ["updated_at", "2018-10-29 21:43:23.189000"]]
  ↳ db/seeds.rb:7
  [1m[35m (5.0ms)[0m  [1m[35mCOMMIT[0m
  ↳ db/seeds.rb:7
  [1m[35m (0.2ms)[0m  [1m[35mBEGIN[0m
  ↳ db/seeds.rb:7
  [1m[36mGossip Create (0.8ms)[0m  [1m[32mINSERT INTO "gossips" ("author", "content", "created_at", "updated_at") VALUES ($1, $2, $3, $4) RETURNING "id"[0m  [["author", "Aron"], ["content", "Ut suscipit et beatae."], ["created_at", "2018-10-29 21:43:23.200619"], ["updated_at", "2018-10-29 21:43:23.200619"]]
  ↳ db/seeds.rb:7
  [1m[35m (5.2ms)[0m  [1m[35mCOMMIT[0m
  ↳ db/seeds.rb:7
  [1m[35m (0.4ms)[0m  [1m[35mBEGIN[0m
  ↳ db/seeds.rb:7
  [1m[36mGossip Create (0.8ms)[0m  [1m[32mINSERT INTO "gossips" ("author", "content", "created_at", "updated_at") VALUES ($1, $2, $3, $4) RETURNING "id"[0m  [["author", "Orval"], ["content", "Eaque ea ratione ea."], ["created_at", "2018-10-29 21:43:23.211447"], ["updated_at", "2018-10-29 21:43:23.211447"]]
  ↳ db/seeds.rb:7
  [1m[35m (5.2ms)[0m  [1m[35mCOMMIT[0m
  ↳ db/seeds.rb:7
  [1m[35m (0.3ms)[0m  [1m[35mBEGIN[0m
  ↳ db/seeds.rb:7
  [1m[36mGossip Create (0.8ms)[0m  [1m[32mINSERT INTO "gossips" ("author", "content", "created_at", "updated_at") VALUES ($1, $2, $3, $4) RETURNING "id"[0m  [["author", "Jolynn"], ["content", "Quo assumenda optio molestiae."], ["created_at", "2018-10-29 21:43:23.222428"], ["updated_at", "2018-10-29 21:43:23.222428"]]
  ↳ db/seeds.rb:7
  [1m[35m (5.4ms)[0m  [1m[35mCOMMIT[0m
  ↳ db/seeds.rb:7
  [1m[36mGossip Load (1.1ms)[0m  [1m[34mSELECT  "gossips".* FROM "gossips" LIMIT $1[0m  [["LIMIT", 11]]
  [1m[35m (1.5ms)[0m  [1m[34mSELECT "schema_migrations"."version" FROM "schema_migrations" ORDER BY "schema_migrations"."version" ASC[0m
  ↳ bin/rails:9
  [1m[35m (86.4ms)[0m  [1m[35mTRUNCATE TABLE gossips RESTART IDENTITY[0m
  ↳ db/seeds.rb:4
  [1m[35m (0.4ms)[0m  [1m[35mBEGIN[0m
  ↳ db/seeds.rb:7
  [1m[36mGossip Create (1.4ms)[0m  [1m[32mINSERT INTO "gossips" ("author", "content", "created_at", "updated_at") VALUES ($1, $2, $3, $4) RETURNING "id"[0m  [["author", "Hyman"], ["content", "Quia sunt aut quidem."], ["created_at", "2018-10-29 21:44:04.082111"], ["updated_at", "2018-10-29 21:44:04.082111"]]
  ↳ db/seeds.rb:7
  [1m[35m (11.1ms)[0m  [1m[35mCOMMIT[0m
  ↳ db/seeds.rb:7
  [1m[35m (0.3ms)[0m  [1m[35mBEGIN[0m
  ↳ db/seeds.rb:7
  [1m[36mGossip Create (0.8ms)[0m  [1m[32mINSERT INTO "gossips" ("author", "content", "created_at", "updated_at") VALUES ($1, $2, $3, $4) RETURNING "id"[0m  [["author", "Nathaniel"], ["content", "Ut ab reiciendis maxime."], ["created_at", "2018-10-29 21:44:04.099614"], ["updated_at", "2018-10-29 21:44:04.099614"]]
  ↳ db/seeds.rb:7
  [1m[35m (4.9ms)[0m  [1m[35mCOMMIT[0m
  ↳ db/seeds.rb:7
  [1m[35m (0.3ms)[0m  [1m[35mBEGIN[0m
  ↳ db/seeds.rb:7
  [1m[36mGossip Create (0.8ms)[0m  [1m[32mINSERT INTO "gossips" ("author", "content", "created_at", "updated_at") VALUES ($1, $2, $3, $4) RETURNING "id"[0m  [["author", "Elana"], ["content", "Excepturi reiciendis atque asperiores."], ["created_at", "2018-10-29 21:44:04.110400"], ["updated_at", "2018-10-29 21:44:04.110400"]]
  ↳ db/seeds.rb:7
  [1m[35m (5.6ms)[0m  [1m[35mCOMMIT[0m
  ↳ db/seeds.rb:7
  [1m[35m (0.2ms)[0m  [1m[35mBEGIN[0m
  ↳ db/seeds.rb:7
  [1m[36mGossip Create (0.9ms)[0m  [1m[32mINSERT INTO "gossips" ("author", "content", "created_at", "updated_at") VALUES ($1, $2, $3, $4) RETURNING "id"[0m  [["author", "Alton"], ["content", "Ipsum delectus odit nemo."], ["created_at", "2018-10-29 21:44:04.121621"], ["updated_at", "2018-10-29 21:44:04.121621"]]
  ↳ db/seeds.rb:7
  [1m[35m (5.4ms)[0m  [1m[35mCOMMIT[0m
  ↳ db/seeds.rb:7
  [1m[35m (0.2ms)[0m  [1m[35mBEGIN[0m
  ↳ db/seeds.rb:7
  [1m[36mGossip Create (0.8ms)[0m  [1m[32mINSERT INTO "gossips" ("author", "content", "created_at", "updated_at") VALUES ($1, $2, $3, $4) RETURNING "id"[0m  [["author", "Dwight"], ["content", "Et ab perspiciatis rerum."], ["created_at", "2018-10-29 21:44:04.132684"], ["updated_at", "2018-10-29 21:44:04.132684"]]
  ↳ db/seeds.rb:7
  [1m[35m (5.5ms)[0m  [1m[35mCOMMIT[0m
  ↳ db/seeds.rb:7
  [1m[35m (0.3ms)[0m  [1m[35mBEGIN[0m
  ↳ db/seeds.rb:7
  [1m[36mGossip Create (0.9ms)[0m  [1m[32mINSERT INTO "gossips" ("author", "content", "created_at", "updated_at") VALUES ($1, $2, $3, $4) RETURNING "id"[0m  [["author", "Ted"], ["content", "Nostrum omnis tempore exercitationem."], ["created_at", "2018-10-29 21:44:04.144135"], ["updated_at", "2018-10-29 21:44:04.144135"]]
  ↳ db/seeds.rb:7
  [1m[35m (4.9ms)[0m  [1m[35mCOMMIT[0m
  ↳ db/seeds.rb:7
  [1m[35m (0.2ms)[0m  [1m[35mBEGIN[0m
  ↳ db/seeds.rb:7
  [1m[36mGossip Create (0.7ms)[0m  [1m[32mINSERT INTO "gossips" ("author", "content", "created_at", "updated_at") VALUES ($1, $2, $3, $4) RETURNING "id"[0m  [["author", "Lanita"], ["content", "Architecto tempora unde eligendi."], ["created_at", "2018-10-29 21:44:04.154980"], ["updated_at", "2018-10-29 21:44:04.154980"]]
  ↳ db/seeds.rb:7
  [1m[35m (5.9ms)[0m  [1m[35mCOMMIT[0m
  ↳ db/seeds.rb:7
  [1m[35m (0.2ms)[0m  [1m[35mBEGIN[0m
  ↳ db/seeds.rb:7
  [1m[36mGossip Create (0.8ms)[0m  [1m[32mINSERT INTO "gossips" ("author", "content", "created_at", "updated_at") VALUES ($1, $2, $3, $4) RETURNING "id"[0m  [["author", "Paola"], ["content", "Saepe aperiam perferendis vel."], ["created_at", "2018-10-29 21:44:04.165842"], ["updated_at", "2018-10-29 21:44:04.165842"]]
  ↳ db/seeds.rb:7
  [1m[35m (5.9ms)[0m  [1m[35mCOMMIT[0m
  ↳ db/seeds.rb:7
  [1m[35m (0.2ms)[0m  [1m[35mBEGIN[0m
  ↳ db/seeds.rb:7
  [1m[36mGossip Create (0.8ms)[0m  [1m[32mINSERT INTO "gossips" ("author", "content", "created_at", "updated_at") VALUES ($1, $2, $3, $4) RETURNING "id"[0m  [["author", "Rolf"], ["content", "Debitis fugit eveniet quod."], ["created_at", "2018-10-29 21:44:04.177090"], ["updated_at", "2018-10-29 21:44:04.177090"]]
  ↳ db/seeds.rb:7
  [1m[35m (5.7ms)[0m  [1m[35mCOMMIT[0m
  ↳ db/seeds.rb:7
  [1m[35m (0.3ms)[0m  [1m[35mBEGIN[0m
  ↳ db/seeds.rb:7
  [1m[36mGossip Create (0.9ms)[0m  [1m[32mINSERT INTO "gossips" ("author", "content", "created_at", "updated_at") VALUES ($1, $2, $3, $4) RETURNING "id"[0m  [["author", "Tish"], ["content", "Illo ut fugit necessitatibus."], ["created_at", "2018-10-29 21:44:04.188660"], ["updated_at", "2018-10-29 21:44:04.188660"]]
  ↳ db/seeds.rb:7
  [1m[35m (4.8ms)[0m  [1m[35mCOMMIT[0m
  ↳ db/seeds.rb:7
  [1m[36mGossip Load (1.4ms)[0m  [1m[34mSELECT  "gossips".* FROM "gossips" LIMIT $1[0m  [["LIMIT", 11]]
Started GET "/gossips" for 127.0.0.1 at 2018-10-29 22:44:29 +0100
  [1m[35m (2.0ms)[0m  [1m[34mSELECT "schema_migrations"."version" FROM "schema_migrations" ORDER BY "schema_migrations"."version" ASC[0m
  ↳ /var/lib/gems/2.5.0/gems/activerecord-5.2.1/lib/active_record/log_subscriber.rb:98
Processing by GossipsController#list_gossips as HTML
  Rendering gossips/list_gossips.html.erb within layouts/application
  [1m[36mGossip Load (1.2ms)[0m  [1m[34mSELECT "gossips".* FROM "gossips"[0m
  ↳ app/views/gossips/list_gossips.html.erb:31
  Rendered gossips/list_gossips.html.erb within layouts/application (38.8ms)
Completed 200 OK in 1186ms (Views: 1148.5ms | ActiveRecord: 12.6ms)


Started GET "/gossips/1" for 127.0.0.1 at 2018-10-29 22:44:47 +0100
  [1m[35m (2.0ms)[0m  [1m[34mSELECT "schema_migrations"."version" FROM "schema_migrations" ORDER BY "schema_migrations"."version" ASC[0m
  ↳ /var/lib/gems/2.5.0/gems/activerecord-5.2.1/lib/active_record/log_subscriber.rb:98
Processing by GossipsController#single_gossip as HTML
  Parameters: {"id"=>"1"}
  [1m[36mGossip Load (0.9ms)[0m  [1m[34mSELECT  "gossips".* FROM "gossips" WHERE "gossips"."id" = $1 LIMIT $2[0m  [["id", 1], ["LIMIT", 1]]
  ↳ app/controllers/gossips_controller.rb:3
  Rendering gossips/single_gossip.html.erb within layouts/application
  Rendered gossips/single_gossip.html.erb within layouts/application (3.4ms)
Completed 200 OK in 592ms (Views: 520.1ms | ActiveRecord: 11.5ms)


Started GET "/gossips" for 127.0.0.1 at 2018-10-29 22:44:53 +0100
  [1m[35m (1.6ms)[0m  [1m[34mSELECT "schema_migrations"."version" FROM "schema_migrations" ORDER BY "schema_migrations"."version" ASC[0m
  ↳ /var/lib/gems/2.5.0/gems/activerecord-5.2.1/lib/active_record/log_subscriber.rb:98
Processing by GossipsController#list_gossips as HTML
  Rendering gossips/list_gossips.html.erb within layouts/application
  [1m[36mGossip Load (1.6ms)[0m  [1m[34mSELECT "gossips".* FROM "gossips"[0m
  ↳ app/views/gossips/list_gossips.html.erb:31
  Rendered gossips/list_gossips.html.erb within layouts/application (43.8ms)
Completed 200 OK in 609ms (Views: 568.7ms | ActiveRecord: 16.7ms)


Started GET "/" for 127.0.0.1 at 2018-10-29 22:45:20 +0100
  [1m[35m (1.7ms)[0m  [1m[34mSELECT "schema_migrations"."version" FROM "schema_migrations" ORDER BY "schema_migrations"."version" ASC[0m
  ↳ /var/lib/gems/2.5.0/gems/activerecord-5.2.1/lib/active_record/log_subscriber.rb:98
Processing by HomeController#home as HTML
  Rendering home/home.html.erb within layouts/application
  Rendered home/home.html.erb within layouts/application (1.2ms)
Completed 200 OK in 490ms (Views: 463.7ms | ActiveRecord: 0.0ms)


Started GET "/team" for 127.0.0.1 at 2018-10-29 22:45:30 +0100
  [1m[35m (1.9ms)[0m  [1m[34mSELECT "schema_migrations"."version" FROM "schema_migrations" ORDER BY "schema_migrations"."version" ASC[0m
  ↳ /var/lib/gems/2.5.0/gems/activerecord-5.2.1/lib/active_record/log_subscriber.rb:98
Processing by HomeController#team as HTML
  Rendering home/team.html.erb within layouts/application
  Rendered home/team.html.erb within layouts/application (1.7ms)
Completed 200 OK in 485ms (Views: 457.0ms | ActiveRecord: 0.0ms)


Started GET "/contact" for 127.0.0.1 at 2018-10-29 22:45:40 +0100
  [1m[35m (1.9ms)[0m  [1m[34mSELECT "schema_migrations"."version" FROM "schema_migrations" ORDER BY "schema_migrations"."version" ASC[0m
  ↳ /var/lib/gems/2.5.0/gems/activerecord-5.2.1/lib/active_record/log_subscriber.rb:98
Processing by HomeController#contact as HTML
  Rendering home/contact.html.erb within layouts/application
  Rendered home/contact.html.erb within layouts/application (1.5ms)
Completed 200 OK in 486ms (Views: 463.1ms | ActiveRecord: 0.0ms)


Started GET "/gossips" for 127.0.0.1 at 2018-10-29 22:46:53 +0100
  [1m[35m (2.1ms)[0m  [1m[34mSELECT "schema_migrations"."version" FROM "schema_migrations" ORDER BY "schema_migrations"."version" ASC[0m
  ↳ /var/lib/gems/2.5.0/gems/activerecord-5.2.1/lib/active_record/log_subscriber.rb:98
Processing by GossipsController#list_gossips as HTML
  Rendering gossips/list_gossips.html.erb within layouts/application
  [1m[36mGossip Load (1.0ms)[0m  [1m[34mSELECT "gossips".* FROM "gossips"[0m
  ↳ app/views/gossips/list_gossips.html.erb:31
  Rendered gossips/list_gossips.html.erb within layouts/application (35.8ms)
Completed 200 OK in 521ms (Views: 488.7ms | ActiveRecord: 11.1ms)


Started GET "/welcome/" for 127.0.0.1 at 2018-10-29 22:49:54 +0100
  [1m[35m (1.8ms)[0m  [1m[34mSELECT "schema_migrations"."version" FROM "schema_migrations" ORDER BY "schema_migrations"."version" ASC[0m
  ↳ /var/lib/gems/2.5.0/gems/activerecord-5.2.1/lib/active_record/log_subscriber.rb:98
Processing by WelcomeController#welcome as HTML
  Rendering welcome/welcome.html.erb within layouts/application
  Rendered welcome/welcome.html.erb within layouts/application (1.2ms)
Completed 200 OK in 557ms (Views: 537.1ms | ActiveRecord: 0.0ms)


Started GET "/gossips" for 127.0.0.1 at 2018-10-29 22:51:24 +0100
  [1m[35m (1.8ms)[0m  [1m[34mSELECT "schema_migrations"."version" FROM "schema_migrations" ORDER BY "schema_migrations"."version" ASC[0m
  ↳ /var/lib/gems/2.5.0/gems/activerecord-5.2.1/lib/active_record/log_subscriber.rb:98
Processing by GossipsController#list_gossips as HTML
  Rendering gossips/list_gossips.html.erb within layouts/application
  [1m[36mGossip Load (1.3ms)[0m  [1m[34mSELECT "gossips".* FROM "gossips"[0m
  ↳ app/views/gossips/list_gossips.html.erb:7
  Rendered gossips/list_gossips.html.erb within layouts/application (42.8ms)
Completed 200 OK in 519ms (Views: 487.5ms | ActiveRecord: 11.1ms)


Started GET "/gossips" for 127.0.0.1 at 2018-10-29 22:54:36 +0100
  [1m[35m (1.6ms)[0m  [1m[34mSELECT "schema_migrations"."version" FROM "schema_migrations" ORDER BY "schema_migrations"."version" ASC[0m
  ↳ /var/lib/gems/2.5.0/gems/activerecord-5.2.1/lib/active_record/log_subscriber.rb:98
Processing by GossipsController#list_gossips as HTML
  Rendering gossips/list_gossips.html.erb within layouts/application
  [1m[36mGossip Load (1.4ms)[0m  [1m[34mSELECT "gossips".* FROM "gossips"[0m
  ↳ app/views/gossips/list_gossips.html.erb:7
  Rendered gossips/list_gossips.html.erb within layouts/application (36.8ms)
Completed 200 OK in 575ms (Views: 543.2ms | ActiveRecord: 12.4ms)


Started GET "/gossips" for 127.0.0.1 at 2018-10-29 22:55:50 +0100
  [1m[35m (1.8ms)[0m  [1m[34mSELECT "schema_migrations"."version" FROM "schema_migrations" ORDER BY "schema_migrations"."version" ASC[0m
  ↳ /var/lib/gems/2.5.0/gems/activerecord-5.2.1/lib/active_record/log_subscriber.rb:98
Processing by GossipsController#list_gossips as HTML
  Rendering gossips/list_gossips.html.erb within layouts/application
  [1m[36mGossip Load (1.5ms)[0m  [1m[34mSELECT "gossips".* FROM "gossips"[0m
  ↳ app/views/gossips/list_gossips.html.erb:7
  Rendered gossips/list_gossips.html.erb within layouts/application (35.1ms)
Completed 200 OK in 503ms (Views: 471.5ms | ActiveRecord: 12.2ms)


Started GET "/gossips" for 127.0.0.1 at 2018-10-29 22:56:23 +0100
  [1m[35m (1.8ms)[0m  [1m[34mSELECT "schema_migrations"."version" FROM "schema_migrations" ORDER BY "schema_migrations"."version" ASC[0m
  ↳ /var/lib/gems/2.5.0/gems/activerecord-5.2.1/lib/active_record/log_subscriber.rb:98
Processing by GossipsController#list_gossips as HTML
  Rendering gossips/list_gossips.html.erb within layouts/application
  [1m[36mGossip Load (1.3ms)[0m  [1m[34mSELECT "gossips".* FROM "gossips"[0m
  ↳ app/views/gossips/list_gossips.html.erb:7
  Rendered gossips/list_gossips.html.erb within layouts/application (35.0ms)
Completed 200 OK in 511ms (Views: 479.4ms | ActiveRecord: 12.1ms)


Started GET "/gossips" for 127.0.0.1 at 2018-10-29 22:58:22 +0100
  [1m[35m (1.9ms)[0m  [1m[34mSELECT "schema_migrations"."version" FROM "schema_migrations" ORDER BY "schema_migrations"."version" ASC[0m
  ↳ /var/lib/gems/2.5.0/gems/activerecord-5.2.1/lib/active_record/log_subscriber.rb:98
Processing by GossipsController#list_gossips as HTML
  Rendering gossips/list_gossips.html.erb within layouts/application
  [1m[36mGossip Load (1.7ms)[0m  [1m[34mSELECT "gossips".* FROM "gossips"[0m
  ↳ app/views/gossips/list_gossips.html.erb:7
  Rendered gossips/list_gossips.html.erb within layouts/application (34.2ms)
Completed 200 OK in 513ms (Views: 481.1ms | ActiveRecord: 12.7ms)


Started GET "/gossips" for 127.0.0.1 at 2018-10-29 22:58:55 +0100
  [1m[35m (2.2ms)[0m  [1m[34mSELECT "schema_migrations"."version" FROM "schema_migrations" ORDER BY "schema_migrations"."version" ASC[0m
  ↳ /var/lib/gems/2.5.0/gems/activerecord-5.2.1/lib/active_record/log_subscriber.rb:98
Processing by GossipsController#list_gossips as HTML
  Rendering gossips/list_gossips.html.erb within layouts/application
  [1m[36mGossip Load (1.3ms)[0m  [1m[34mSELECT "gossips".* FROM "gossips"[0m
  ↳ app/views/gossips/list_gossips.html.erb:7
  Rendered gossips/list_gossips.html.erb within layouts/application (38.1ms)
Completed 200 OK in 531ms (Views: 499.0ms | ActiveRecord: 12.4ms)


Started GET "/gossips" for 127.0.0.1 at 2018-10-29 22:59:46 +0100
  [1m[35m (1.9ms)[0m  [1m[34mSELECT "schema_migrations"."version" FROM "schema_migrations" ORDER BY "schema_migrations"."version" ASC[0m
  ↳ /var/lib/gems/2.5.0/gems/activerecord-5.2.1/lib/active_record/log_subscriber.rb:98
Processing by GossipsController#list_gossips as HTML
  Rendering gossips/list_gossips.html.erb within layouts/application
  [1m[36mGossip Load (1.3ms)[0m  [1m[34mSELECT "gossips".* FROM "gossips"[0m
  ↳ app/views/gossips/list_gossips.html.erb:7
  Rendered gossips/list_gossips.html.erb within layouts/application (35.3ms)
Completed 200 OK in 519ms (Views: 487.4ms | ActiveRecord: 11.8ms)


Started GET "/gossips" for 127.0.0.1 at 2018-10-29 23:01:03 +0100
  [1m[35m (1.9ms)[0m  [1m[34mSELECT "schema_migrations"."version" FROM "schema_migrations" ORDER BY "schema_migrations"."version" ASC[0m
  ↳ /var/lib/gems/2.5.0/gems/activerecord-5.2.1/lib/active_record/log_subscriber.rb:98
Processing by GossipsController#list_gossips as HTML
  Rendering gossips/list_gossips.html.erb within layouts/application
  [1m[36mGossip Load (1.6ms)[0m  [1m[34mSELECT "gossips".* FROM "gossips"[0m
  ↳ app/views/gossips/list_gossips.html.erb:7
  Rendered gossips/list_gossips.html.erb within layouts/application (36.5ms)
Completed 200 OK in 567ms (Views: 534.5ms | ActiveRecord: 13.6ms)


Started GET "/gossips" for 127.0.0.1 at 2018-10-29 23:01:37 +0100
  [1m[35m (1.9ms)[0m  [1m[34mSELECT "schema_migrations"."version" FROM "schema_migrations" ORDER BY "schema_migrations"."version" ASC[0m
  ↳ /var/lib/gems/2.5.0/gems/activerecord-5.2.1/lib/active_record/log_subscriber.rb:98
Processing by GossipsController#list_gossips as HTML
  Rendering gossips/list_gossips.html.erb within layouts/application
  [1m[36mGossip Load (1.0ms)[0m  [1m[34mSELECT "gossips".* FROM "gossips"[0m
  ↳ app/views/gossips/list_gossips.html.erb:7
  Rendered gossips/list_gossips.html.erb within layouts/application (35.6ms)
Completed 200 OK in 511ms (Views: 478.7ms | ActiveRecord: 12.3ms)


Started GET "/gossips" for 127.0.0.1 at 2018-10-29 23:02:37 +0100
  [1m[35m (1.9ms)[0m  [1m[34mSELECT "schema_migrations"."version" FROM "schema_migrations" ORDER BY "schema_migrations"."version" ASC[0m
  ↳ /var/lib/gems/2.5.0/gems/activerecord-5.2.1/lib/active_record/log_subscriber.rb:98
Processing by GossipsController#list_gossips as HTML
  Rendering gossips/list_gossips.html.erb within layouts/application
  [1m[36mGossip Load (1.1ms)[0m  [1m[34mSELECT "gossips".* FROM "gossips"[0m
  ↳ app/views/gossips/list_gossips.html.erb:7
  Rendered gossips/list_gossips.html.erb within layouts/application (45.5ms)
Completed 200 OK in 582ms (Views: 549.7ms | ActiveRecord: 12.2ms)


Started GET "/gossips" for 127.0.0.1 at 2018-10-29 23:04:41 +0100
  [1m[35m (2.0ms)[0m  [1m[34mSELECT "schema_migrations"."version" FROM "schema_migrations" ORDER BY "schema_migrations"."version" ASC[0m
  ↳ /var/lib/gems/2.5.0/gems/activerecord-5.2.1/lib/active_record/log_subscriber.rb:98
Processing by GossipsController#list_gossips as HTML
  Rendering gossips/list_gossips.html.erb within layouts/application
  [1m[36mGossip Load (1.0ms)[0m  [1m[34mSELECT "gossips".* FROM "gossips"[0m
  ↳ app/views/gossips/list_gossips.html.erb:7
  Rendered gossips/list_gossips.html.erb within layouts/application (35.4ms)
Completed 200 OK in 512ms (Views: 481.5ms | ActiveRecord: 11.4ms)


Started GET "/gossips" for 127.0.0.1 at 2018-10-29 23:05:08 +0100
  [1m[35m (1.8ms)[0m  [1m[34mSELECT "schema_migrations"."version" FROM "schema_migrations" ORDER BY "schema_migrations"."version" ASC[0m
  ↳ /var/lib/gems/2.5.0/gems/activerecord-5.2.1/lib/active_record/log_subscriber.rb:98
Processing by GossipsController#list_gossips as HTML
  Rendering gossips/list_gossips.html.erb within layouts/application
  [1m[36mGossip Load (1.3ms)[0m  [1m[34mSELECT "gossips".* FROM "gossips"[0m
  ↳ app/views/gossips/list_gossips.html.erb:7
  Rendered gossips/list_gossips.html.erb within layouts/application (33.2ms)
Completed 200 OK in 473ms (Views: 441.2ms | ActiveRecord: 12.2ms)


Started GET "/gossips" for 127.0.0.1 at 2018-10-29 23:07:40 +0100
  [1m[35m (2.1ms)[0m  [1m[34mSELECT "schema_migrations"."version" FROM "schema_migrations" ORDER BY "schema_migrations"."version" ASC[0m
  ↳ /var/lib/gems/2.5.0/gems/activerecord-5.2.1/lib/active_record/log_subscriber.rb:98
Processing by GossipsController#list_gossips as HTML
  Rendering gossips/list_gossips.html.erb within layouts/application
  [1m[36mGossip Load (1.1ms)[0m  [1m[34mSELECT "gossips".* FROM "gossips"[0m
  ↳ app/views/gossips/list_gossips.html.erb:7
  Rendered gossips/list_gossips.html.erb within layouts/application (35.3ms)
Completed 200 OK in 525ms (Views: 493.6ms | ActiveRecord: 11.5ms)


Started GET "/gossips" for 127.0.0.1 at 2018-10-29 23:09:19 +0100
  [1m[35m (2.0ms)[0m  [1m[34mSELECT "schema_migrations"."version" FROM "schema_migrations" ORDER BY "schema_migrations"."version" ASC[0m
  ↳ /var/lib/gems/2.5.0/gems/activerecord-5.2.1/lib/active_record/log_subscriber.rb:98
Processing by GossipsController#list_gossips as HTML
  Rendering gossips/list_gossips.html.erb within layouts/application
  [1m[36mGossip Load (1.1ms)[0m  [1m[34mSELECT "gossips".* FROM "gossips"[0m
  ↳ app/views/gossips/list_gossips.html.erb:7
  Rendered gossips/list_gossips.html.erb within layouts/application (35.5ms)
Completed 200 OK in 499ms (Views: 466.8ms | ActiveRecord: 12.1ms)


Started GET "/contact" for 127.0.0.1 at 2018-10-29 23:11:39 +0100
  [1m[35m (1.8ms)[0m  [1m[34mSELECT "schema_migrations"."version" FROM "schema_migrations" ORDER BY "schema_migrations"."version" ASC[0m
  ↳ /var/lib/gems/2.5.0/gems/activerecord-5.2.1/lib/active_record/log_subscriber.rb:98
Processing by HomeController#contact as HTML
  Rendering home/contact.html.erb within layouts/application
  Rendered home/contact.html.erb within layouts/application (1.2ms)
Completed 200 OK in 554ms (Views: 534.4ms | ActiveRecord: 0.0ms)


Started GET "/contact" for 127.0.0.1 at 2018-10-29 23:13:33 +0100
  [1m[35m (1.9ms)[0m  [1m[34mSELECT "schema_migrations"."version" FROM "schema_migrations" ORDER BY "schema_migrations"."version" ASC[0m
  ↳ /var/lib/gems/2.5.0/gems/activerecord-5.2.1/lib/active_record/log_subscriber.rb:98
Processing by HomeController#contact as HTML
  Rendering home/contact.html.erb within layouts/application
  Rendered home/contact.html.erb within layouts/application (1.3ms)
Completed 200 OK in 490ms (Views: 469.5ms | ActiveRecord: 0.0ms)


Started GET "/contact" for 127.0.0.1 at 2018-10-29 23:14:58 +0100
  [1m[35m (1.7ms)[0m  [1m[34mSELECT "schema_migrations"."version" FROM "schema_migrations" ORDER BY "schema_migrations"."version" ASC[0m
  ↳ /var/lib/gems/2.5.0/gems/activerecord-5.2.1/lib/active_record/log_subscriber.rb:98
Processing by HomeController#contact as HTML
  Rendering home/contact.html.erb within layouts/application
  Rendered home/contact.html.erb within layouts/application (1.3ms)
Completed 200 OK in 447ms (Views: 427.6ms | ActiveRecord: 0.0ms)


Started GET "/gossips" for 127.0.0.1 at 2018-10-29 23:21:46 +0100
  [1m[35m (1.6ms)[0m  [1m[34mSELECT "schema_migrations"."version" FROM "schema_migrations" ORDER BY "schema_migrations"."version" ASC[0m
  ↳ /var/lib/gems/2.5.0/gems/activerecord-5.2.1/lib/active_record/log_subscriber.rb:98
Processing by GossipsController#list_gossips as HTML
  Rendering gossips/list_gossips.html.erb within layouts/application
  [1m[36mGossip Load (1.1ms)[0m  [1m[34mSELECT "gossips".* FROM "gossips"[0m
  ↳ app/views/gossips/list_gossips.html.erb:7
  Rendered gossips/list_gossips.html.erb within layouts/application (60.1ms)
Completed 200 OK in 898ms (Views: 862.7ms | ActiveRecord: 11.8ms)


Started GET "/gossips" for 127.0.0.1 at 2018-10-29 23:21:50 +0100
  [1m[35m (2.0ms)[0m  [1m[34mSELECT "schema_migrations"."version" FROM "schema_migrations" ORDER BY "schema_migrations"."version" ASC[0m
  ↳ /var/lib/gems/2.5.0/gems/activerecord-5.2.1/lib/active_record/log_subscriber.rb:98
Processing by GossipsController#list_gossips as HTML
  Rendering gossips/list_gossips.html.erb within layouts/application
  [1m[36mGossip Load (1.1ms)[0m  [1m[34mSELECT "gossips".* FROM "gossips"[0m
  ↳ app/views/gossips/list_gossips.html.erb:7
  Rendered gossips/list_gossips.html.erb within layouts/application (35.1ms)
Completed 200 OK in 530ms (Views: 496.1ms | ActiveRecord: 12.3ms)


Started GET "/gossips" for 127.0.0.1 at 2018-10-29 23:24:40 +0100
  [1m[35m (1.7ms)[0m  [1m[34mSELECT "schema_migrations"."version" FROM "schema_migrations" ORDER BY "schema_migrations"."version" ASC[0m
  ↳ /var/lib/gems/2.5.0/gems/activerecord-5.2.1/lib/active_record/log_subscriber.rb:98
Processing by GossipsController#list_gossips as HTML
  Rendering gossips/list_gossips.html.erb within layouts/application
  [1m[36mGossip Load (1.2ms)[0m  [1m[34mSELECT "gossips".* FROM "gossips"[0m
  ↳ app/views/gossips/list_gossips.html.erb:7
  Rendered gossips/list_gossips.html.erb within layouts/application (36.0ms)
Completed 200 OK in 570ms (Views: 535.4ms | ActiveRecord: 11.4ms)


Started GET "/gossips" for 127.0.0.1 at 2018-10-29 23:25:55 +0100
  [1m[35m (2.1ms)[0m  [1m[34mSELECT "schema_migrations"."version" FROM "schema_migrations" ORDER BY "schema_migrations"."version" ASC[0m
  ↳ /var/lib/gems/2.5.0/gems/activerecord-5.2.1/lib/active_record/log_subscriber.rb:98
Processing by GossipsController#list_gossips as HTML
  Rendering gossips/list_gossips.html.erb within layouts/application
  [1m[36mGossip Load (1.3ms)[0m  [1m[34mSELECT "gossips".* FROM "gossips"[0m
  ↳ app/views/gossips/list_gossips.html.erb:7
  Rendered gossips/list_gossips.html.erb within layouts/application (37.2ms)
Completed 200 OK in 589ms (Views: 553.9ms | ActiveRecord: 13.4ms)


Started GET "/gossips" for 127.0.0.1 at 2018-10-29 23:29:15 +0100
  [1m[35m (2.3ms)[0m  [1m[34mSELECT "schema_migrations"."version" FROM "schema_migrations" ORDER BY "schema_migrations"."version" ASC[0m
  ↳ /var/lib/gems/2.5.0/gems/activerecord-5.2.1/lib/active_record/log_subscriber.rb:98
Processing by GossipsController#list_gossips as HTML
  Rendering gossips/list_gossips.html.erb within layouts/application
  [1m[36mGossip Load (1.2ms)[0m  [1m[34mSELECT "gossips".* FROM "gossips"[0m
  ↳ app/views/gossips/list_gossips.html.erb:7
  Rendered gossips/list_gossips.html.erb within layouts/application (33.5ms)
Completed 200 OK in 552ms (Views: 517.9ms | ActiveRecord: 11.3ms)


Started GET "/gossips" for 127.0.0.1 at 2018-10-29 23:30:59 +0100
  [1m[35m (1.6ms)[0m  [1m[34mSELECT "schema_migrations"."version" FROM "schema_migrations" ORDER BY "schema_migrations"."version" ASC[0m
  ↳ /var/lib/gems/2.5.0/gems/activerecord-5.2.1/lib/active_record/log_subscriber.rb:98
Processing by GossipsController#list_gossips as HTML
  Rendering gossips/list_gossips.html.erb within layouts/application
  [1m[36mGossip Load (1.3ms)[0m  [1m[34mSELECT "gossips".* FROM "gossips"[0m
  ↳ app/views/gossips/list_gossips.html.erb:7
  Rendered gossips/list_gossips.html.erb within layouts/application (36.0ms)
Completed 200 OK in 537ms (Views: 502.4ms | ActiveRecord: 11.3ms)


Started GET "/contact" for 127.0.0.1 at 2018-10-29 23:34:13 +0100
  [1m[35m (1.9ms)[0m  [1m[34mSELECT "schema_migrations"."version" FROM "schema_migrations" ORDER BY "schema_migrations"."version" ASC[0m
  ↳ /var/lib/gems/2.5.0/gems/activerecord-5.2.1/lib/active_record/log_subscriber.rb:98
Processing by HomeController#contact as HTML
  Rendering home/contact.html.erb within layouts/application
  Rendered home/contact.html.erb within layouts/application (1.5ms)
Completed 200 OK in 620ms (Views: 596.3ms | ActiveRecord: 0.0ms)


Started GET "/contact" for 127.0.0.1 at 2018-10-29 23:39:00 +0100
  [1m[35m (2.2ms)[0m  [1m[34mSELECT "schema_migrations"."version" FROM "schema_migrations" ORDER BY "schema_migrations"."version" ASC[0m
  ↳ /var/lib/gems/2.5.0/gems/activerecord-5.2.1/lib/active_record/log_subscriber.rb:98
Processing by HomeController#contact as HTML
  Rendering home/contact.html.erb within layouts/application
  Rendered home/contact.html.erb within layouts/application (1.3ms)
Completed 200 OK in 537ms (Views: 514.3ms | ActiveRecord: 0.0ms)


Started GET "/contact" for 127.0.0.1 at 2018-10-29 23:39:38 +0100
  [1m[35m (1.4ms)[0m  [1m[34mSELECT "schema_migrations"."version" FROM "schema_migrations" ORDER BY "schema_migrations"."version" ASC[0m
  ↳ /var/lib/gems/2.5.0/gems/activerecord-5.2.1/lib/active_record/log_subscriber.rb:98
Processing by HomeController#contact as HTML
  Rendering home/contact.html.erb within layouts/application
  Rendered home/contact.html.erb within layouts/application (1.6ms)
Completed 200 OK in 565ms (Views: 544.0ms | ActiveRecord: 0.0ms)


Started GET "/contact" for 127.0.0.1 at 2018-10-29 23:41:02 +0100
  [1m[35m (2.2ms)[0m  [1m[34mSELECT "schema_migrations"."version" FROM "schema_migrations" ORDER BY "schema_migrations"."version" ASC[0m
  ↳ /var/lib/gems/2.5.0/gems/activerecord-5.2.1/lib/active_record/log_subscriber.rb:98
Processing by HomeController#contact as HTML
  Rendering home/contact.html.erb within layouts/application
  Rendered home/contact.html.erb within layouts/application (1.4ms)
Completed 200 OK in 540ms (Views: 518.4ms | ActiveRecord: 0.0ms)


Started GET "/gossips" for 127.0.0.1 at 2018-10-29 23:41:42 +0100
  [1m[35m (2.1ms)[0m  [1m[34mSELECT "schema_migrations"."version" FROM "schema_migrations" ORDER BY "schema_migrations"."version" ASC[0m
  ↳ /var/lib/gems/2.5.0/gems/activerecord-5.2.1/lib/active_record/log_subscriber.rb:98
Processing by GossipsController#list_gossips as HTML
  Rendering gossips/list_gossips.html.erb within layouts/application
  [1m[36mGossip Load (1.2ms)[0m  [1m[34mSELECT "gossips".* FROM "gossips"[0m
  ↳ app/views/gossips/list_gossips.html.erb:7
  Rendered gossips/list_gossips.html.erb within layouts/application (34.6ms)
Completed 200 OK in 536ms (Views: 503.1ms | ActiveRecord: 11.4ms)


Started GET "/gossips" for 127.0.0.1 at 2018-10-29 23:43:32 +0100
  [1m[35m (1.8ms)[0m  [1m[34mSELECT "schema_migrations"."version" FROM "schema_migrations" ORDER BY "schema_migrations"."version" ASC[0m
  ↳ /var/lib/gems/2.5.0/gems/activerecord-5.2.1/lib/active_record/log_subscriber.rb:98
Processing by GossipsController#list_gossips as HTML
  Rendering gossips/list_gossips.html.erb within layouts/application
  [1m[36mGossip Load (1.5ms)[0m  [1m[34mSELECT "gossips".* FROM "gossips"[0m
  ↳ app/views/gossips/list_gossips.html.erb:7
  Rendered gossips/list_gossips.html.erb within layouts/application (38.7ms)
Completed 200 OK in 636ms (Views: 602.1ms | ActiveRecord: 12.3ms)


Started GET "/gossips" for 127.0.0.1 at 2018-10-29 23:45:05 +0100
  [1m[35m (2.0ms)[0m  [1m[34mSELECT "schema_migrations"."version" FROM "schema_migrations" ORDER BY "schema_migrations"."version" ASC[0m
  ↳ /var/lib/gems/2.5.0/gems/activerecord-5.2.1/lib/active_record/log_subscriber.rb:98
Processing by GossipsController#list_gossips as HTML
  Rendering gossips/list_gossips.html.erb within layouts/application
  [1m[36mGossip Load (1.3ms)[0m  [1m[34mSELECT "gossips".* FROM "gossips"[0m
  ↳ app/views/gossips/list_gossips.html.erb:7
  Rendered gossips/list_gossips.html.erb within layouts/application (38.5ms)
Completed 200 OK in 588ms (Views: 553.0ms | ActiveRecord: 12.4ms)


Started GET "/gossips" for 127.0.0.1 at 2018-10-29 23:45:35 +0100
  [1m[35m (1.9ms)[0m  [1m[34mSELECT "schema_migrations"."version" FROM "schema_migrations" ORDER BY "schema_migrations"."version" ASC[0m
  ↳ /var/lib/gems/2.5.0/gems/activerecord-5.2.1/lib/active_record/log_subscriber.rb:98
Processing by GossipsController#list_gossips as HTML
  Rendering gossips/list_gossips.html.erb within layouts/application
  [1m[36mGossip Load (1.0ms)[0m  [1m[34mSELECT "gossips".* FROM "gossips"[0m
  ↳ app/views/gossips/list_gossips.html.erb:7
  Rendered gossips/list_gossips.html.erb within layouts/application (34.5ms)
Completed 200 OK in 533ms (Views: 499.6ms | ActiveRecord: 11.6ms)


Started GET "/gossips" for 127.0.0.1 at 2018-10-29 23:46:01 +0100
  [1m[35m (2.5ms)[0m  [1m[34mSELECT "schema_migrations"."version" FROM "schema_migrations" ORDER BY "schema_migrations"."version" ASC[0m
  ↳ /var/lib/gems/2.5.0/gems/activerecord-5.2.1/lib/active_record/log_subscriber.rb:98
Processing by GossipsController#list_gossips as HTML
  Rendering gossips/list_gossips.html.erb within layouts/application
  [1m[36mGossip Load (1.2ms)[0m  [1m[34mSELECT "gossips".* FROM "gossips"[0m
  ↳ app/views/gossips/list_gossips.html.erb:7
  Rendered gossips/list_gossips.html.erb within layouts/application (36.0ms)
Completed 200 OK in 606ms (Views: 574.1ms | ActiveRecord: 11.3ms)


Started GET "/gossips" for 127.0.0.1 at 2018-10-29 23:47:13 +0100
  [1m[35m (2.0ms)[0m  [1m[34mSELECT "schema_migrations"."version" FROM "schema_migrations" ORDER BY "schema_migrations"."version" ASC[0m
  ↳ /var/lib/gems/2.5.0/gems/activerecord-5.2.1/lib/active_record/log_subscriber.rb:98
Processing by GossipsController#list_gossips as HTML
  Rendering gossips/list_gossips.html.erb within layouts/application
  [1m[36mGossip Load (1.4ms)[0m  [1m[34mSELECT "gossips".* FROM "gossips"[0m
  ↳ app/views/gossips/list_gossips.html.erb:7
  Rendered gossips/list_gossips.html.erb within layouts/application (35.0ms)
Completed 200 OK in 611ms (Views: 579.8ms | ActiveRecord: 10.9ms)


Started GET "/" for 127.0.0.1 at 2018-10-29 23:47:33 +0100
  [1m[35m (1.8ms)[0m  [1m[34mSELECT "schema_migrations"."version" FROM "schema_migrations" ORDER BY "schema_migrations"."version" ASC[0m
  ↳ /var/lib/gems/2.5.0/gems/activerecord-5.2.1/lib/active_record/log_subscriber.rb:98
Processing by HomeController#home as HTML
  Rendering home/home.html.erb within layouts/application
  Rendered home/home.html.erb within layouts/application (1.3ms)
Completed 200 OK in 529ms (Views: 505.6ms | ActiveRecord: 0.0ms)


Started GET "/contact" for 127.0.0.1 at 2018-10-29 23:47:44 +0100
  [1m[35m (1.9ms)[0m  [1m[34mSELECT "schema_migrations"."version" FROM "schema_migrations" ORDER BY "schema_migrations"."version" ASC[0m
  ↳ /var/lib/gems/2.5.0/gems/activerecord-5.2.1/lib/active_record/log_subscriber.rb:98
Processing by HomeController#contact as HTML
  Rendering home/contact.html.erb within layouts/application
  Rendered home/contact.html.erb within layouts/application (1.4ms)
Completed 200 OK in 514ms (Views: 492.7ms | ActiveRecord: 0.0ms)


Started GET "/contact" for 127.0.0.1 at 2018-10-29 23:48:57 +0100
  [1m[35m (1.9ms)[0m  [1m[34mSELECT "schema_migrations"."version" FROM "schema_migrations" ORDER BY "schema_migrations"."version" ASC[0m
  ↳ /var/lib/gems/2.5.0/gems/activerecord-5.2.1/lib/active_record/log_subscriber.rb:98
Processing by HomeController#contact as HTML
  Rendering home/contact.html.erb within layouts/application
  Rendered home/contact.html.erb within layouts/application (1.3ms)
Completed 200 OK in 484ms (Views: 464.4ms | ActiveRecord: 0.0ms)


Started GET "/contact" for 127.0.0.1 at 2018-10-29 23:49:42 +0100
  [1m[35m (2.2ms)[0m  [1m[34mSELECT "schema_migrations"."version" FROM "schema_migrations" ORDER BY "schema_migrations"."version" ASC[0m
  ↳ /var/lib/gems/2.5.0/gems/activerecord-5.2.1/lib/active_record/log_subscriber.rb:98
Processing by HomeController#contact as HTML
  Rendering home/contact.html.erb within layouts/application
  Rendered home/contact.html.erb within layouts/application (1.2ms)
Completed 200 OK in 558ms (Views: 535.5ms | ActiveRecord: 0.0ms)


Started GET "/contact" for 127.0.0.1 at 2018-10-29 23:50:44 +0100
  [1m[35m (2.3ms)[0m  [1m[34mSELECT "schema_migrations"."version" FROM "schema_migrations" ORDER BY "schema_migrations"."version" ASC[0m
  ↳ /var/lib/gems/2.5.0/gems/activerecord-5.2.1/lib/active_record/log_subscriber.rb:98
Processing by HomeController#contact as HTML
  Rendering home/contact.html.erb within layouts/application
  Rendered home/contact.html.erb within layouts/application (1.2ms)
Completed 200 OK in 582ms (Views: 560.1ms | ActiveRecord: 0.0ms)


Started GET "/contact" for 127.0.0.1 at 2018-10-29 23:51:15 +0100
  [1m[35m (2.2ms)[0m  [1m[34mSELECT "schema_migrations"."version" FROM "schema_migrations" ORDER BY "schema_migrations"."version" ASC[0m
  ↳ /var/lib/gems/2.5.0/gems/activerecord-5.2.1/lib/active_record/log_subscriber.rb:98
Processing by HomeController#contact as HTML
  Rendering home/contact.html.erb within layouts/application
  Rendered home/contact.html.erb within layouts/application (1.2ms)
Completed 200 OK in 553ms (Views: 530.9ms | ActiveRecord: 0.0ms)


Started GET "/contact" for 127.0.0.1 at 2018-10-29 23:51:43 +0100
  [1m[35m (2.2ms)[0m  [1m[34mSELECT "schema_migrations"."version" FROM "schema_migrations" ORDER BY "schema_migrations"."version" ASC[0m
  ↳ /var/lib/gems/2.5.0/gems/activerecord-5.2.1/lib/active_record/log_subscriber.rb:98
Processing by HomeController#contact as HTML
  Rendering home/contact.html.erb within layouts/application
  Rendered home/contact.html.erb within layouts/application (1.2ms)
Completed 200 OK in 525ms (Views: 504.2ms | ActiveRecord: 0.0ms)


Started GET "/contact" for 127.0.0.1 at 2018-10-29 23:51:57 +0100
  [1m[35m (2.3ms)[0m  [1m[34mSELECT "schema_migrations"."version" FROM "schema_migrations" ORDER BY "schema_migrations"."version" ASC[0m
  ↳ /var/lib/gems/2.5.0/gems/activerecord-5.2.1/lib/active_record/log_subscriber.rb:98
Processing by HomeController#contact as HTML
  Rendering home/contact.html.erb within layouts/application
  Rendered home/contact.html.erb within layouts/application (1.3ms)
Completed 200 OK in 550ms (Views: 526.1ms | ActiveRecord: 0.0ms)


Started GET "/contact" for 127.0.0.1 at 2018-10-29 23:52:57 +0100
  [1m[35m (1.5ms)[0m  [1m[34mSELECT "schema_migrations"."version" FROM "schema_migrations" ORDER BY "schema_migrations"."version" ASC[0m
  ↳ /var/lib/gems/2.5.0/gems/activerecord-5.2.1/lib/active_record/log_subscriber.rb:98
Processing by HomeController#contact as HTML
  Rendering home/contact.html.erb within layouts/application
  Rendered home/contact.html.erb within layouts/application (1.2ms)
Completed 200 OK in 544ms (Views: 521.6ms | ActiveRecord: 0.0ms)


Started POST "/contact" for 127.0.0.1 at 2018-10-29 23:53:19 +0100
  [1m[35m (1.8ms)[0m  [1m[34mSELECT "schema_migrations"."version" FROM "schema_migrations" ORDER BY "schema_migrations"."version" ASC[0m
  ↳ /var/lib/gems/2.5.0/gems/activerecord-5.2.1/lib/active_record/log_subscriber.rb:98
  
ActionController::RoutingError (No route matches [POST] "/contact"):
  
actionpack (5.2.1) lib/action_dispatch/middleware/debug_exceptions.rb:65:in `call'
web-console (3.7.0) lib/web_console/middleware.rb:135:in `call_app'
web-console (3.7.0) lib/web_console/middleware.rb:30:in `block in call'
web-console (3.7.0) lib/web_console/middleware.rb:20:in `catch'
web-console (3.7.0) lib/web_console/middleware.rb:20:in `call'
actionpack (5.2.1) lib/action_dispatch/middleware/show_exceptions.rb:33:in `call'
railties (5.2.1) lib/rails/rack/logger.rb:38:in `call_app'
railties (5.2.1) lib/rails/rack/logger.rb:26:in `block in call'
activesupport (5.2.1) lib/active_support/tagged_logging.rb:71:in `block in tagged'
activesupport (5.2.1) lib/active_support/tagged_logging.rb:28:in `tagged'
activesupport (5.2.1) lib/active_support/tagged_logging.rb:71:in `tagged'
railties (5.2.1) lib/rails/rack/logger.rb:26:in `call'
sprockets-rails (3.2.1) lib/sprockets/rails/quiet_assets.rb:13:in `call'
actionpack (5.2.1) lib/action_dispatch/middleware/remote_ip.rb:81:in `call'
actionpack (5.2.1) lib/action_dispatch/middleware/request_id.rb:27:in `call'
rack (2.0.5) lib/rack/method_override.rb:22:in `call'
rack (2.0.5) lib/rack/runtime.rb:22:in `call'
activesupport (5.2.1) lib/active_support/cache/strategy/local_cache_middleware.rb:29:in `call'
actionpack (5.2.1) lib/action_dispatch/middleware/executor.rb:14:in `call'
actionpack (5.2.1) lib/action_dispatch/middleware/static.rb:127:in `call'
rack (2.0.5) lib/rack/sendfile.rb:111:in `call'
railties (5.2.1) lib/rails/engine.rb:524:in `call'
rack (2.0.5) lib/rack/lint.rb:49:in `_call'
rack (2.0.5) lib/rack/lint.rb:37:in `call'
rack (2.0.5) lib/rack/show_exceptions.rb:23:in `call'
rack (2.0.5) lib/rack/common_logger.rb:33:in `call'
shotgun (0.9.2) lib/shotgun/loader.rb:86:in `proceed_as_child'
shotgun (0.9.2) lib/shotgun/loader.rb:31:in `call!'
shotgun (0.9.2) lib/shotgun/loader.rb:18:in `call'
shotgun (0.9.2) lib/shotgun/favicon.rb:12:in `call'
shotgun (0.9.2) lib/shotgun/static.rb:14:in `call'
rack (2.0.5) lib/rack/urlmap.rb:68:in `block in call'
rack (2.0.5) lib/rack/urlmap.rb:53:in `each'
rack (2.0.5) lib/rack/urlmap.rb:53:in `call'
rack (2.0.5) lib/rack/builder.rb:153:in `call'
puma (3.12.0) lib/puma/configuration.rb:225:in `call'
puma (3.12.0) lib/puma/server.rb:658:in `handle_request'
puma (3.12.0) lib/puma/server.rb:472:in `process_client'
puma (3.12.0) lib/puma/server.rb:332:in `block in run'
puma (3.12.0) lib/puma/thread_pool.rb:133:in `block in spawn_thread'
Started GET "/contact" for 127.0.0.1 at 2018-10-29 23:54:54 +0100
  [1m[35m (2.0ms)[0m  [1m[34mSELECT "schema_migrations"."version" FROM "schema_migrations" ORDER BY "schema_migrations"."version" ASC[0m
  ↳ /var/lib/gems/2.5.0/gems/activerecord-5.2.1/lib/active_record/log_subscriber.rb:98
Processing by HomeController#contact as HTML
  Rendering home/contact.html.erb within layouts/application
  Rendered home/contact.html.erb within layouts/application (1.2ms)
Completed 200 OK in 506ms (Views: 482.2ms | ActiveRecord: 0.0ms)


Started GET "/contact" for 127.0.0.1 at 2018-10-29 23:57:04 +0100
  [1m[35m (2.2ms)[0m  [1m[34mSELECT "schema_migrations"."version" FROM "schema_migrations" ORDER BY "schema_migrations"."version" ASC[0m
  ↳ /var/lib/gems/2.5.0/gems/activerecord-5.2.1/lib/active_record/log_subscriber.rb:98
Processing by HomeController#contact as HTML
  Rendering home/contact.html.erb within layouts/application
  Rendered home/contact.html.erb within layouts/application (1.3ms)
Completed 200 OK in 468ms (Views: 447.8ms | ActiveRecord: 0.0ms)


Started POST "/contact" for 127.0.0.1 at 2018-10-29 23:57:29 +0100
  [1m[35m (2.6ms)[0m  [1m[34mSELECT "schema_migrations"."version" FROM "schema_migrations" ORDER BY "schema_migrations"."version" ASC[0m
  ↳ /var/lib/gems/2.5.0/gems/activerecord-5.2.1/lib/active_record/log_subscriber.rb:98
Processing by HomeController#contact as HTML
  Parameters: {"txtName"=>"Thomas", "txtEmail"=>"pute", "btnSubmit"=>"Envoyer", "txtMsg"=>"grosse tepu"}
Can't verify CSRF token authenticity.
Completed 422 Unprocessable Entity in 1ms (ActiveRecord: 0.0ms)


  
ActionController::InvalidAuthenticityToken (ActionController::InvalidAuthenticityToken):
  
actionpack (5.2.1) lib/action_controller/metal/request_forgery_protection.rb:211:in `handle_unverified_request'
actionpack (5.2.1) lib/action_controller/metal/request_forgery_protection.rb:243:in `handle_unverified_request'
actionpack (5.2.1) lib/action_controller/metal/request_forgery_protection.rb:238:in `verify_authenticity_token'
activesupport (5.2.1) lib/active_support/callbacks.rb:426:in `block in make_lambda'
activesupport (5.2.1) lib/active_support/callbacks.rb:198:in `block (2 levels) in halting'
actionpack (5.2.1) lib/abstract_controller/callbacks.rb:34:in `block (2 levels) in <module:Callbacks>'
activesupport (5.2.1) lib/active_support/callbacks.rb:199:in `block in halting'
activesupport (5.2.1) lib/active_support/callbacks.rb:513:in `block in invoke_before'
activesupport (5.2.1) lib/active_support/callbacks.rb:513:in `each'
activesupport (5.2.1) lib/active_support/callbacks.rb:513:in `invoke_before'
activesupport (5.2.1) lib/active_support/callbacks.rb:131:in `run_callbacks'
actionpack (5.2.1) lib/abstract_controller/callbacks.rb:41:in `process_action'
actionpack (5.2.1) lib/action_controller/metal/rescue.rb:22:in `process_action'
actionpack (5.2.1) lib/action_controller/metal/instrumentation.rb:34:in `block in process_action'
activesupport (5.2.1) lib/active_support/notifications.rb:168:in `block in instrument'
activesupport (5.2.1) lib/active_support/notifications/instrumenter.rb:23:in `instrument'
activesupport (5.2.1) lib/active_support/notifications.rb:168:in `instrument'
actionpack (5.2.1) lib/action_controller/metal/instrumentation.rb:32:in `process_action'
actionpack (5.2.1) lib/action_controller/metal/params_wrapper.rb:256:in `process_action'
activerecord (5.2.1) lib/active_record/railties/controller_runtime.rb:24:in `process_action'
actionpack (5.2.1) lib/abstract_controller/base.rb:134:in `process'
actionview (5.2.1) lib/action_view/rendering.rb:32:in `process'
actionpack (5.2.1) lib/action_controller/metal.rb:191:in `dispatch'
actionpack (5.2.1) lib/action_controller/metal.rb:252:in `dispatch'
actionpack (5.2.1) lib/action_dispatch/routing/route_set.rb:52:in `dispatch'
actionpack (5.2.1) lib/action_dispatch/routing/route_set.rb:34:in `serve'
actionpack (5.2.1) lib/action_dispatch/journey/router.rb:52:in `block in serve'
actionpack (5.2.1) lib/action_dispatch/journey/router.rb:35:in `each'
actionpack (5.2.1) lib/action_dispatch/journey/router.rb:35:in `serve'
actionpack (5.2.1) lib/action_dispatch/routing/route_set.rb:840:in `call'
rack (2.0.5) lib/rack/tempfile_reaper.rb:15:in `call'
rack (2.0.5) lib/rack/etag.rb:25:in `call'
rack (2.0.5) lib/rack/conditional_get.rb:38:in `call'
rack (2.0.5) lib/rack/head.rb:12:in `call'
actionpack (5.2.1) lib/action_dispatch/http/content_security_policy.rb:18:in `call'
rack (2.0.5) lib/rack/session/abstract/id.rb:232:in `context'
rack (2.0.5) lib/rack/session/abstract/id.rb:226:in `call'
actionpack (5.2.1) lib/action_dispatch/middleware/cookies.rb:670:in `call'
activerecord (5.2.1) lib/active_record/migration.rb:559:in `call'
actionpack (5.2.1) lib/action_dispatch/middleware/callbacks.rb:28:in `block in call'
activesupport (5.2.1) lib/active_support/callbacks.rb:98:in `run_callbacks'
actionpack (5.2.1) lib/action_dispatch/middleware/callbacks.rb:26:in `call'
actionpack (5.2.1) lib/action_dispatch/middleware/executor.rb:14:in `call'
actionpack (5.2.1) lib/action_dispatch/middleware/debug_exceptions.rb:61:in `call'
web-console (3.7.0) lib/web_console/middleware.rb:135:in `call_app'
web-console (3.7.0) lib/web_console/middleware.rb:30:in `block in call'
web-console (3.7.0) lib/web_console/middleware.rb:20:in `catch'
web-console (3.7.0) lib/web_console/middleware.rb:20:in `call'
actionpack (5.2.1) lib/action_dispatch/middleware/show_exceptions.rb:33:in `call'
railties (5.2.1) lib/rails/rack/logger.rb:38:in `call_app'
railties (5.2.1) lib/rails/rack/logger.rb:26:in `block in call'
activesupport (5.2.1) lib/active_support/tagged_logging.rb:71:in `block in tagged'
activesupport (5.2.1) lib/active_support/tagged_logging.rb:28:in `tagged'
activesupport (5.2.1) lib/active_support/tagged_logging.rb:71:in `tagged'
railties (5.2.1) lib/rails/rack/logger.rb:26:in `call'
sprockets-rails (3.2.1) lib/sprockets/rails/quiet_assets.rb:13:in `call'
actionpack (5.2.1) lib/action_dispatch/middleware/remote_ip.rb:81:in `call'
actionpack (5.2.1) lib/action_dispatch/middleware/request_id.rb:27:in `call'
rack (2.0.5) lib/rack/method_override.rb:22:in `call'
rack (2.0.5) lib/rack/runtime.rb:22:in `call'
activesupport (5.2.1) lib/active_support/cache/strategy/local_cache_middleware.rb:29:in `call'
actionpack (5.2.1) lib/action_dispatch/middleware/executor.rb:14:in `call'
actionpack (5.2.1) lib/action_dispatch/middleware/static.rb:127:in `call'
rack (2.0.5) lib/rack/sendfile.rb:111:in `call'
railties (5.2.1) lib/rails/engine.rb:524:in `call'
rack (2.0.5) lib/rack/lint.rb:49:in `_call'
rack (2.0.5) lib/rack/lint.rb:37:in `call'
rack (2.0.5) lib/rack/show_exceptions.rb:23:in `call'
rack (2.0.5) lib/rack/common_logger.rb:33:in `call'
shotgun (0.9.2) lib/shotgun/loader.rb:86:in `proceed_as_child'
shotgun (0.9.2) lib/shotgun/loader.rb:31:in `call!'
shotgun (0.9.2) lib/shotgun/loader.rb:18:in `call'
shotgun (0.9.2) lib/shotgun/favicon.rb:12:in `call'
shotgun (0.9.2) lib/shotgun/static.rb:14:in `call'
rack (2.0.5) lib/rack/urlmap.rb:68:in `block in call'
rack (2.0.5) lib/rack/urlmap.rb:53:in `each'
rack (2.0.5) lib/rack/urlmap.rb:53:in `call'
rack (2.0.5) lib/rack/builder.rb:153:in `call'
puma (3.12.0) lib/puma/configuration.rb:225:in `call'
puma (3.12.0) lib/puma/server.rb:658:in `handle_request'
puma (3.12.0) lib/puma/server.rb:472:in `process_client'
puma (3.12.0) lib/puma/server.rb:332:in `block in run'
puma (3.12.0) lib/puma/thread_pool.rb:133:in `block in spawn_thread'
Started GET "/welcome/" for 127.0.0.1 at 2018-10-29 23:59:44 +0100
  [1m[35m (1.8ms)[0m  [1m[34mSELECT "schema_migrations"."version" FROM "schema_migrations" ORDER BY "schema_migrations"."version" ASC[0m
  ↳ /var/lib/gems/2.5.0/gems/activerecord-5.2.1/lib/active_record/log_subscriber.rb:98
Processing by WelcomeController#welcome as HTML
  Rendering welcome/welcome.html.erb within layouts/application
  Rendered welcome/welcome.html.erb within layouts/application (1.1ms)
Completed 200 OK in 514ms (Views: 493.1ms | ActiveRecord: 0.0ms)


Started GET "/welcome/" for 127.0.0.1 at 2018-10-30 00:00:00 +0100
  [1m[35m (2.1ms)[0m  [1m[34mSELECT "schema_migrations"."version" FROM "schema_migrations" ORDER BY "schema_migrations"."version" ASC[0m
  ↳ /var/lib/gems/2.5.0/gems/activerecord-5.2.1/lib/active_record/log_subscriber.rb:98
Processing by WelcomeController#welcome as HTML
  Rendering welcome/welcome.html.erb within layouts/application
  Rendered welcome/welcome.html.erb within layouts/application (1.3ms)
Completed 200 OK in 460ms (Views: 440.5ms | ActiveRecord: 0.0ms)


Started GET "/" for 127.0.0.1 at 2018-10-30 00:00:45 +0100
  [1m[35m (1.9ms)[0m  [1m[34mSELECT "schema_migrations"."version" FROM "schema_migrations" ORDER BY "schema_migrations"."version" ASC[0m
  ↳ /var/lib/gems/2.5.0/gems/activerecord-5.2.1/lib/active_record/log_subscriber.rb:98
Processing by HomeController#home as HTML
  Rendering home/home.html.erb within layouts/application
  Rendered home/home.html.erb within layouts/application (1.3ms)
Completed 200 OK in 482ms (Views: 459.4ms | ActiveRecord: 0.0ms)


Started GET "/welcome/pute" for 127.0.0.1 at 2018-10-30 00:02:00 +0100
  [1m[35m (1.7ms)[0m  [1m[34mSELECT "schema_migrations"."version" FROM "schema_migrations" ORDER BY "schema_migrations"."version" ASC[0m
  ↳ /var/lib/gems/2.5.0/gems/activerecord-5.2.1/lib/active_record/log_subscriber.rb:98
Processing by WelcomeController#hello as HTML
  Parameters: {"first_name"=>"pute"}
  Rendering welcome/hello.html.erb within layouts/application
  Rendered welcome/hello.html.erb within layouts/application (1.4ms)
Completed 200 OK in 472ms (Views: 450.2ms | ActiveRecord: 0.0ms)


Started GET "/" for 127.0.0.1 at 2018-10-30 00:02:15 +0100
  [1m[35m (1.6ms)[0m  [1m[34mSELECT "schema_migrations"."version" FROM "schema_migrations" ORDER BY "schema_migrations"."version" ASC[0m
  ↳ /var/lib/gems/2.5.0/gems/activerecord-5.2.1/lib/active_record/log_subscriber.rb:98
Processing by HomeController#home as HTML
  Rendering home/home.html.erb within layouts/application
  Rendered home/home.html.erb within layouts/application (1.1ms)
Completed 200 OK in 467ms (Views: 446.8ms | ActiveRecord: 0.0ms)


Started GET "/team" for 127.0.0.1 at 2018-10-30 00:02:22 +0100
  [1m[35m (2.1ms)[0m  [1m[34mSELECT "schema_migrations"."version" FROM "schema_migrations" ORDER BY "schema_migrations"."version" ASC[0m
  ↳ /var/lib/gems/2.5.0/gems/activerecord-5.2.1/lib/active_record/log_subscriber.rb:98
Processing by HomeController#team as HTML
  Rendering home/team.html.erb within layouts/application
  Rendered home/team.html.erb within layouts/application (1.3ms)
Completed 200 OK in 492ms (Views: 456.5ms | ActiveRecord: 0.0ms)


Started GET "/welcome/" for 127.0.0.1 at 2018-10-30 00:02:26 +0100
  [1m[35m (1.6ms)[0m  [1m[34mSELECT "schema_migrations"."version" FROM "schema_migrations" ORDER BY "schema_migrations"."version" ASC[0m
  ↳ /var/lib/gems/2.5.0/gems/activerecord-5.2.1/lib/active_record/log_subscriber.rb:98
Processing by WelcomeController#welcome as HTML
  Rendering welcome/welcome.html.erb within layouts/application
  Rendered welcome/welcome.html.erb within layouts/application (1.2ms)
Completed 200 OK in 451ms (Views: 431.6ms | ActiveRecord: 0.0ms)


Started GET "/welcome/" for 127.0.0.1 at 2018-10-30 00:03:17 +0100
  [1m[35m (1.9ms)[0m  [1m[34mSELECT "schema_migrations"."version" FROM "schema_migrations" ORDER BY "schema_migrations"."version" ASC[0m
  ↳ /var/lib/gems/2.5.0/gems/activerecord-5.2.1/lib/active_record/log_subscriber.rb:98
Processing by WelcomeController#welcome as HTML
  Rendering welcome/welcome.html.erb within layouts/application
  Rendered welcome/welcome.html.erb within layouts/application (1.3ms)
Completed 200 OK in 446ms (Views: 426.7ms | ActiveRecord: 0.0ms)


Started GET "/welcome/" for 127.0.0.1 at 2018-10-30 00:04:16 +0100
  [1m[35m (1.8ms)[0m  [1m[34mSELECT "schema_migrations"."version" FROM "schema_migrations" ORDER BY "schema_migrations"."version" ASC[0m
  ↳ /var/lib/gems/2.5.0/gems/activerecord-5.2.1/lib/active_record/log_subscriber.rb:98
Processing by WelcomeController#welcome as HTML
  Rendering welcome/welcome.html.erb within layouts/application
  Rendered welcome/welcome.html.erb within layouts/application (1.4ms)
Completed 200 OK in 453ms (Views: 433.2ms | ActiveRecord: 0.0ms)


Started GET "/" for 127.0.0.1 at 2018-10-30 00:04:31 +0100
  [1m[35m (1.8ms)[0m  [1m[34mSELECT "schema_migrations"."version" FROM "schema_migrations" ORDER BY "schema_migrations"."version" ASC[0m
  ↳ /var/lib/gems/2.5.0/gems/activerecord-5.2.1/lib/active_record/log_subscriber.rb:98
Processing by HomeController#home as HTML
  Rendering home/home.html.erb within layouts/application
  Rendered home/home.html.erb within layouts/application (1.3ms)
Completed 200 OK in 501ms (Views: 479.7ms | ActiveRecord: 0.0ms)


Started GET "/gossips" for 127.0.0.1 at 2018-10-30 00:04:44 +0100
  [1m[35m (2.1ms)[0m  [1m[34mSELECT "schema_migrations"."version" FROM "schema_migrations" ORDER BY "schema_migrations"."version" ASC[0m
  ↳ /var/lib/gems/2.5.0/gems/activerecord-5.2.1/lib/active_record/log_subscriber.rb:98
Processing by GossipsController#list_gossips as HTML
  Rendering gossips/list_gossips.html.erb within layouts/application
  [1m[36mGossip Load (1.2ms)[0m  [1m[34mSELECT "gossips".* FROM "gossips"[0m
  ↳ app/views/gossips/list_gossips.html.erb:7
  Rendered gossips/list_gossips.html.erb within layouts/application (33.5ms)
Completed 200 OK in 495ms (Views: 462.3ms | ActiveRecord: 12.3ms)


Started GET "/team" for 127.0.0.1 at 2018-10-30 00:04:54 +0100
  [1m[35m (1.7ms)[0m  [1m[34mSELECT "schema_migrations"."version" FROM "schema_migrations" ORDER BY "schema_migrations"."version" ASC[0m
  ↳ /var/lib/gems/2.5.0/gems/activerecord-5.2.1/lib/active_record/log_subscriber.rb:98
Processing by HomeController#team as HTML
  Rendering home/team.html.erb within layouts/application
  Rendered home/team.html.erb within layouts/application (1.4ms)
Completed 200 OK in 556ms (Views: 531.7ms | ActiveRecord: 0.0ms)


Started GET "/contact" for 127.0.0.1 at 2018-10-30 00:04:56 +0100
  [1m[35m (1.7ms)[0m  [1m[34mSELECT "schema_migrations"."version" FROM "schema_migrations" ORDER BY "schema_migrations"."version" ASC[0m
  ↳ /var/lib/gems/2.5.0/gems/activerecord-5.2.1/lib/active_record/log_subscriber.rb:98
Processing by HomeController#contact as HTML
  Rendering home/contact.html.erb within layouts/application
  Rendered home/contact.html.erb within layouts/application (1.0ms)
Completed 200 OK in 488ms (Views: 465.7ms | ActiveRecord: 0.0ms)


Started GET "/team" for 127.0.0.1 at 2018-10-30 00:05:04 +0100
  [1m[35m (1.9ms)[0m  [1m[34mSELECT "schema_migrations"."version" FROM "schema_migrations" ORDER BY "schema_migrations"."version" ASC[0m
  ↳ /var/lib/gems/2.5.0/gems/activerecord-5.2.1/lib/active_record/log_subscriber.rb:98
Processing by HomeController#team as HTML
  Rendering home/team.html.erb within layouts/application
  Rendered home/team.html.erb within layouts/application (1.3ms)
Completed 200 OK in 481ms (Views: 461.4ms | ActiveRecord: 0.0ms)


Started GET "/gossips/" for 127.0.0.1 at 2018-10-30 00:06:38 +0100
  [1m[35m (2.2ms)[0m  [1m[34mSELECT "schema_migrations"."version" FROM "schema_migrations" ORDER BY "schema_migrations"."version" ASC[0m
  ↳ /var/lib/gems/2.5.0/gems/activerecord-5.2.1/lib/active_record/log_subscriber.rb:98
Processing by GossipsController#list_gossips as HTML
  Rendering gossips/list_gossips.html.erb within layouts/application
  [1m[36mGossip Load (1.4ms)[0m  [1m[34mSELECT "gossips".* FROM "gossips"[0m
  ↳ app/views/gossips/list_gossips.html.erb:7
  Rendered gossips/list_gossips.html.erb within layouts/application (38.5ms)
Completed 200 OK in 509ms (Views: 475.3ms | ActiveRecord: 13.1ms)


Started GET "/team" for 127.0.0.1 at 2018-10-30 00:07:59 +0100
  [1m[35m (2.0ms)[0m  [1m[34mSELECT "schema_migrations"."version" FROM "schema_migrations" ORDER BY "schema_migrations"."version" ASC[0m
  ↳ /var/lib/gems/2.5.0/gems/activerecord-5.2.1/lib/active_record/log_subscriber.rb:98
Processing by HomeController#team as HTML
  Rendering home/team.html.erb within layouts/application
  Rendered home/team.html.erb within layouts/application (1.2ms)
Completed 200 OK in 477ms (Views: 456.1ms | ActiveRecord: 0.0ms)


Started GET "/team" for 127.0.0.1 at 2018-10-30 00:08:43 +0100
  [1m[35m (2.0ms)[0m  [1m[34mSELECT "schema_migrations"."version" FROM "schema_migrations" ORDER BY "schema_migrations"."version" ASC[0m
  ↳ /var/lib/gems/2.5.0/gems/activerecord-5.2.1/lib/active_record/log_subscriber.rb:98
Processing by HomeController#team as HTML
  Rendering home/team.html.erb within layouts/application
  Rendered home/team.html.erb within layouts/application (1.5ms)
Completed 200 OK in 543ms (Views: 521.2ms | ActiveRecord: 0.0ms)


Started GET "/" for 127.0.0.1 at 2018-10-30 00:09:25 +0100
  [1m[35m (1.6ms)[0m  [1m[34mSELECT "schema_migrations"."version" FROM "schema_migrations" ORDER BY "schema_migrations"."version" ASC[0m
  ↳ /var/lib/gems/2.5.0/gems/activerecord-5.2.1/lib/active_record/log_subscriber.rb:98
Processing by HomeController#home as HTML
  Rendering home/home.html.erb within layouts/application
  Rendered home/home.html.erb within layouts/application (1.1ms)
Completed 200 OK in 477ms (Views: 454.2ms | ActiveRecord: 0.0ms)


Started GET "/gossips" for 127.0.0.1 at 2018-10-30 00:09:30 +0100
  [1m[35m (2.1ms)[0m  [1m[34mSELECT "schema_migrations"."version" FROM "schema_migrations" ORDER BY "schema_migrations"."version" ASC[0m
  ↳ /var/lib/gems/2.5.0/gems/activerecord-5.2.1/lib/active_record/log_subscriber.rb:98
Processing by GossipsController#list_gossips as HTML
  Rendering gossips/list_gossips.html.erb within layouts/application
  [1m[36mGossip Load (1.2ms)[0m  [1m[34mSELECT "gossips".* FROM "gossips"[0m
  ↳ app/views/gossips/list_gossips.html.erb:7
  Rendered gossips/list_gossips.html.erb within layouts/application (35.9ms)
Completed 200 OK in 507ms (Views: 474.0ms | ActiveRecord: 12.5ms)


Started GET "/" for 127.0.0.1 at 2018-10-30 09:41:25 +0100
  [1m[35m (34.9ms)[0m  [1m[34mSELECT "schema_migrations"."version" FROM "schema_migrations" ORDER BY "schema_migrations"."version" ASC[0m
  ↳ /var/lib/gems/2.5.0/gems/activerecord-5.2.1/lib/active_record/log_subscriber.rb:98
Processing by HomeController#home as HTML
  Rendering home/home.html.erb within layouts/application
  Rendered home/home.html.erb within layouts/application (2.2ms)
Completed 200 OK in 1033ms (Views: 1009.5ms | ActiveRecord: 0.0ms)


Started GET "/gossips" for 127.0.0.1 at 2018-10-30 09:42:01 +0100
  [1m[35m (1.5ms)[0m  [1m[34mSELECT "schema_migrations"."version" FROM "schema_migrations" ORDER BY "schema_migrations"."version" ASC[0m
  ↳ /var/lib/gems/2.5.0/gems/activerecord-5.2.1/lib/active_record/log_subscriber.rb:98
Processing by GossipsController#list_gossips as HTML
  Rendering gossips/list_gossips.html.erb within layouts/application
  [1m[36mGossip Load (47.2ms)[0m  [1m[34mSELECT "gossips".* FROM "gossips"[0m
  ↳ app/views/gossips/list_gossips.html.erb:7
  Rendered gossips/list_gossips.html.erb within layouts/application (103.9ms)
Completed 200 OK in 543ms (Views: 457.8ms | ActiveRecord: 62.5ms)


Started GET "/gossips/1" for 127.0.0.1 at 2018-10-30 09:42:10 +0100
  [1m[35m (2.0ms)[0m  [1m[34mSELECT "schema_migrations"."version" FROM "schema_migrations" ORDER BY "schema_migrations"."version" ASC[0m
  ↳ /var/lib/gems/2.5.0/gems/activerecord-5.2.1/lib/active_record/log_subscriber.rb:98
Processing by GossipsController#single_gossip as HTML
  Parameters: {"id"=>"1"}
  [1m[36mGossip Load (1.1ms)[0m  [1m[34mSELECT  "gossips".* FROM "gossips" WHERE "gossips"."id" = $1 LIMIT $2[0m  [["id", 1], ["LIMIT", 1]]
  ↳ app/controllers/gossips_controller.rb:3
  Rendering gossips/single_gossip.html.erb within layouts/application
  Rendered gossips/single_gossip.html.erb within layouts/application (3.3ms)
Completed 200 OK in 525ms (Views: 443.0ms | ActiveRecord: 12.9ms)


Started GET "/contact" for 127.0.0.1 at 2018-10-30 09:42:17 +0100
  [1m[35m (2.4ms)[0m  [1m[34mSELECT "schema_migrations"."version" FROM "schema_migrations" ORDER BY "schema_migrations"."version" ASC[0m
  ↳ /var/lib/gems/2.5.0/gems/activerecord-5.2.1/lib/active_record/log_subscriber.rb:98
Processing by HomeController#contact as HTML
  Rendering home/contact.html.erb within layouts/application
  Rendered home/contact.html.erb within layouts/application (1.4ms)
Completed 200 OK in 442ms (Views: 419.9ms | ActiveRecord: 0.0ms)


Started GET "/team" for 127.0.0.1 at 2018-10-30 09:42:23 +0100
  [1m[35m (2.1ms)[0m  [1m[34mSELECT "schema_migrations"."version" FROM "schema_migrations" ORDER BY "schema_migrations"."version" ASC[0m
  ↳ /var/lib/gems/2.5.0/gems/activerecord-5.2.1/lib/active_record/log_subscriber.rb:98
Processing by HomeController#team as HTML
  Rendering home/team.html.erb within layouts/application
  Rendered home/team.html.erb within layouts/application (1.1ms)
Completed 200 OK in 444ms (Views: 410.9ms | ActiveRecord: 0.0ms)


  [1m[35m (0.2ms)[0m  [1m[34mSELECT pg_try_advisory_lock(139692943724643015)[0m
  ↳ bin/rails:9
  [1m[35m (1.9ms)[0m  [1m[34mSELECT "schema_migrations"."version" FROM "schema_migrations" ORDER BY "schema_migrations"."version" ASC[0m
  ↳ bin/rails:9
  [1m[36mActiveRecord::InternalMetadata Load (39.8ms)[0m  [1m[34mSELECT  "ar_internal_metadata".* FROM "ar_internal_metadata" WHERE "ar_internal_metadata"."key" = $1 LIMIT $2[0m  [["key", "environment"], ["LIMIT", 1]]
  ↳ bin/rails:9
  [1m[35m (0.3ms)[0m  [1m[35mBEGIN[0m
  ↳ bin/rails:9
  [1m[35m (0.2ms)[0m  [1m[35mCOMMIT[0m
  ↳ bin/rails:9
  [1m[35m (0.4ms)[0m  [1m[34mSELECT pg_advisory_unlock(139692943724643015)[0m
  ↳ bin/rails:9
  [1m[35m (0.4ms)[0m  [1m[34mSELECT "schema_migrations"."version" FROM "schema_migrations" ORDER BY "schema_migrations"."version" ASC[0m
  ↳ bin/rails:9
Started GET "/" for 127.0.0.1 at 2018-10-30 11:08:21 +0100
  [1m[35m (1.8ms)[0m  [1m[34mSELECT "schema_migrations"."version" FROM "schema_migrations" ORDER BY "schema_migrations"."version" ASC[0m
  ↳ /var/lib/gems/2.5.0/gems/activerecord-5.2.1/lib/active_record/log_subscriber.rb:98
Processing by HomeController#home as HTML
  Rendering home/home.html.erb within layouts/application
  Rendered home/home.html.erb within layouts/application (1.7ms)
Completed 200 OK in 554ms (Views: 530.7ms | ActiveRecord: 0.0ms)


Started GET "/gossips" for 127.0.0.1 at 2018-10-30 11:08:34 +0100
  [1m[35m (2.0ms)[0m  [1m[34mSELECT "schema_migrations"."version" FROM "schema_migrations" ORDER BY "schema_migrations"."version" ASC[0m
  ↳ /var/lib/gems/2.5.0/gems/activerecord-5.2.1/lib/active_record/log_subscriber.rb:98
Processing by GossipsController#list_gossips as HTML
  Rendering gossips/list_gossips.html.erb within layouts/application
  [1m[36mGossip Load (1.2ms)[0m  [1m[34mSELECT "gossips".* FROM "gossips"[0m
  ↳ app/views/gossips/list_gossips.html.erb:7
  Rendered gossips/list_gossips.html.erb within layouts/application (43.6ms)
Completed 200 OK in 606ms (Views: 569.1ms | ActiveRecord: 12.9ms)


Started GET "/contact" for 127.0.0.1 at 2018-10-30 11:27:39 +0100
  [1m[35m (2.1ms)[0m  [1m[34mSELECT "schema_migrations"."version" FROM "schema_migrations" ORDER BY "schema_migrations"."version" ASC[0m
  ↳ /var/lib/gems/2.5.0/gems/activerecord-5.2.1/lib/active_record/log_subscriber.rb:98
Processing by HomeController#contact as HTML
  Rendering home/contact.html.erb within layouts/application
  Rendered home/contact.html.erb within layouts/application (2.0ms)
Completed 200 OK in 551ms (Views: 528.6ms | ActiveRecord: 0.0ms)


Started POST "/contact" for 127.0.0.1 at 2018-10-30 11:27:49 +0100
  [1m[35m (2.6ms)[0m  [1m[34mSELECT "schema_migrations"."version" FROM "schema_migrations" ORDER BY "schema_migrations"."version" ASC[0m
  ↳ /var/lib/gems/2.5.0/gems/activerecord-5.2.1/lib/active_record/log_subscriber.rb:98
Processing by HomeController#contact as HTML
  Parameters: {"txtName"=>"Pute", "txtEmail"=>"salope", "btnSubmit"=>"Envoyer", "txtMsg"=>"pupupupute", "authenticity_token"=>"8u1NU1AFqloJEVqujJefN+gye1H3yjdzcmjV2hJCTzi+9mn2+kIyLkDGDhTuGGbMpsg9fUAAtZGo0IFyzZtWug=="}
  Rendering home/contact.html.erb within layouts/application
  Rendered home/contact.html.erb within layouts/application (1.8ms)
Completed 200 OK in 529ms (Views: 504.7ms | ActiveRecord: 0.0ms)


Started POST "/contact" for 127.0.0.1 at 2018-10-30 11:34:03 +0100
  [1m[35m (1.8ms)[0m  [1m[34mSELECT "schema_migrations"."version" FROM "schema_migrations" ORDER BY "schema_migrations"."version" ASC[0m
  ↳ /var/lib/gems/2.5.0/gems/activerecord-5.2.1/lib/active_record/log_subscriber.rb:98
Processing by HomeController#contact_success as HTML
  Parameters: {"txtName"=>"Ugo", "txtEmail"=>"Simon@simon.simon", "btnSubmit"=>"Envoyer", "txtMsg"=>"Pute", "authenticity_token"=>"s5DmqhBTYf+c2qkOrXQ1vDrJ6MTwM3gh+4GAw2tezVv/i8IPuhT5i9UN/bTP+8xHdDOu6Ef5+sMhOdRrtIfU2Q=="}
  Rendering home/contact_success.html.erb within layouts/application
  Rendered home/contact_success.html.erb within layouts/application (2.2ms)
Completed 200 OK in 544ms (Views: 520.6ms | ActiveRecord: 0.0ms)


Started GET "/contact" for 127.0.0.1 at 2018-10-30 11:35:01 +0100
  [1m[35m (2.9ms)[0m  [1m[34mSELECT "schema_migrations"."version" FROM "schema_migrations" ORDER BY "schema_migrations"."version" ASC[0m
  ↳ /var/lib/gems/2.5.0/gems/activerecord-5.2.1/lib/active_record/log_subscriber.rb:98
Processing by HomeController#contact as HTML
  Rendering home/contact.html.erb within layouts/application
  Rendered home/contact.html.erb within layouts/application (2.3ms)
Completed 200 OK in 540ms (Views: 517.7ms | ActiveRecord: 0.0ms)


Started POST "/contact" for 127.0.0.1 at 2018-10-30 11:35:25 +0100
  [1m[35m (2.0ms)[0m  [1m[34mSELECT "schema_migrations"."version" FROM "schema_migrations" ORDER BY "schema_migrations"."version" ASC[0m
  ↳ /var/lib/gems/2.5.0/gems/activerecord-5.2.1/lib/active_record/log_subscriber.rb:98
Processing by HomeController#contact_success as HTML
  Parameters: {"txtName"=>"", "txtEmail"=>"", "btnSubmit"=>"Envoyer", "txtMsg"=>"", "authenticity_token"=>"KfmCvz5Q4nNyIKszTnbalLsD/bWHpsmwg0636E7i+gdl4qYalBd6Bzv3/4ks+SNv9fm7mTBsS1JZ9uNAkTvjhQ=="}
  Rendering home/contact_success.html.erb within layouts/application
  Rendered home/contact_success.html.erb within layouts/application (1.6ms)
Completed 200 OK in 534ms (Views: 511.1ms | ActiveRecord: 0.0ms)


Started GET "/" for 127.0.0.1 at 2018-10-30 11:35:36 +0100
  [1m[35m (2.3ms)[0m  [1m[34mSELECT "schema_migrations"."version" FROM "schema_migrations" ORDER BY "schema_migrations"."version" ASC[0m
  ↳ /var/lib/gems/2.5.0/gems/activerecord-5.2.1/lib/active_record/log_subscriber.rb:98
Processing by HomeController#home as HTML
  Rendering home/home.html.erb within layouts/application
  Rendered home/home.html.erb within layouts/application (1.7ms)
Completed 200 OK in 550ms (Views: 525.7ms | ActiveRecord: 0.0ms)


Started GET "/" for 127.0.0.1 at 2018-10-30 11:36:47 +0100
  [1m[35m (2.0ms)[0m  [1m[34mSELECT "schema_migrations"."version" FROM "schema_migrations" ORDER BY "schema_migrations"."version" ASC[0m
  ↳ /var/lib/gems/2.5.0/gems/activerecord-5.2.1/lib/active_record/log_subscriber.rb:98
Processing by HomeController#home as HTML
  Rendering home/home.html.erb within layouts/application
  Rendered home/home.html.erb within layouts/application (2.0ms)
Completed 200 OK in 542ms (Views: 519.3ms | ActiveRecord: 0.0ms)


Started GET "/" for 127.0.0.1 at 2018-10-30 11:38:31 +0100
  [1m[35m (2.4ms)[0m  [1m[34mSELECT "schema_migrations"."version" FROM "schema_migrations" ORDER BY "schema_migrations"."version" ASC[0m
  ↳ /var/lib/gems/2.5.0/gems/activerecord-5.2.1/lib/active_record/log_subscriber.rb:98
Processing by HomeController#home as HTML
  Rendering home/home.html.erb within layouts/application
  Rendered home/home.html.erb within layouts/application (1.9ms)
Completed 200 OK in 573ms (Views: 550.3ms | ActiveRecord: 0.0ms)


Started GET "/team" for 127.0.0.1 at 2018-10-30 11:38:53 +0100
  [1m[35m (1.8ms)[0m  [1m[34mSELECT "schema_migrations"."version" FROM "schema_migrations" ORDER BY "schema_migrations"."version" ASC[0m
  ↳ /var/lib/gems/2.5.0/gems/activerecord-5.2.1/lib/active_record/log_subscriber.rb:98
Processing by HomeController#team as HTML
  Rendering home/team.html.erb within layouts/application
  Rendered home/team.html.erb within layouts/application (1.8ms)
Completed 200 OK in 571ms (Views: 546.4ms | ActiveRecord: 0.0ms)


Started GET "/gossips" for 127.0.0.1 at 2018-10-30 11:39:07 +0100
  [1m[35m (1.9ms)[0m  [1m[34mSELECT "schema_migrations"."version" FROM "schema_migrations" ORDER BY "schema_migrations"."version" ASC[0m
  ↳ /var/lib/gems/2.5.0/gems/activerecord-5.2.1/lib/active_record/log_subscriber.rb:98
Processing by GossipsController#list_gossips as HTML
  Rendering gossips/list_gossips.html.erb within layouts/application
  [1m[36mGossip Load (1.0ms)[0m  [1m[34mSELECT "gossips".* FROM "gossips"[0m
  ↳ app/views/gossips/list_gossips.html.erb:7
  Rendered gossips/list_gossips.html.erb within layouts/application (38.7ms)
Completed 200 OK in 595ms (Views: 557.9ms | ActiveRecord: 12.4ms)


Started GET "/" for 127.0.0.1 at 2018-10-30 11:43:19 +0100
  [1m[35m (2.0ms)[0m  [1m[34mSELECT "schema_migrations"."version" FROM "schema_migrations" ORDER BY "schema_migrations"."version" ASC[0m
  ↳ /var/lib/gems/2.5.0/gems/activerecord-5.2.1/lib/active_record/log_subscriber.rb:98
Processing by HomeController#home as HTML
  Rendering home/home.html.erb within layouts/application
  Rendered home/home.html.erb within layouts/application (1.8ms)
Completed 200 OK in 575ms (Views: 552.4ms | ActiveRecord: 0.0ms)


Started GET "/" for 127.0.0.1 at 2018-10-30 11:44:04 +0100
  [1m[35m (2.0ms)[0m  [1m[34mSELECT "schema_migrations"."version" FROM "schema_migrations" ORDER BY "schema_migrations"."version" ASC[0m
  ↳ /var/lib/gems/2.5.0/gems/activerecord-5.2.1/lib/active_record/log_subscriber.rb:98
Processing by HomeController#home as HTML
  Rendering home/home.html.erb within layouts/application
  Rendered home/home.html.erb within layouts/application (1.7ms)
Completed 200 OK in 572ms (Views: 547.6ms | ActiveRecord: 0.0ms)


Started GET "/" for 127.0.0.1 at 2018-10-30 11:44:38 +0100
  [1m[35m (1.9ms)[0m  [1m[34mSELECT "schema_migrations"."version" FROM "schema_migrations" ORDER BY "schema_migrations"."version" ASC[0m
  ↳ /var/lib/gems/2.5.0/gems/activerecord-5.2.1/lib/active_record/log_subscriber.rb:98
Processing by HomeController#home as HTML
  Rendering home/home.html.erb within layouts/application
  Rendered home/home.html.erb within layouts/application (1.8ms)
Completed 200 OK in 562ms (Views: 537.1ms | ActiveRecord: 0.0ms)


Started GET "/" for 127.0.0.1 at 2018-10-30 11:45:09 +0100
  [1m[35m (2.0ms)[0m  [1m[34mSELECT "schema_migrations"."version" FROM "schema_migrations" ORDER BY "schema_migrations"."version" ASC[0m
  ↳ /var/lib/gems/2.5.0/gems/activerecord-5.2.1/lib/active_record/log_subscriber.rb:98
Processing by HomeController#home as HTML
  Rendering home/home.html.erb within layouts/application
  Rendered home/home.html.erb within layouts/application (1.4ms)
Completed 200 OK in 571ms (Views: 548.0ms | ActiveRecord: 0.0ms)


Started GET "/" for 127.0.0.1 at 2018-10-30 11:45:53 +0100
  [1m[35m (2.0ms)[0m  [1m[34mSELECT "schema_migrations"."version" FROM "schema_migrations" ORDER BY "schema_migrations"."version" ASC[0m
  ↳ /var/lib/gems/2.5.0/gems/activerecord-5.2.1/lib/active_record/log_subscriber.rb:98
Processing by HomeController#home as HTML
  Rendering home/home.html.erb within layouts/application
  Rendered home/home.html.erb within layouts/application (1.4ms)
Completed 200 OK in 567ms (Views: 542.7ms | ActiveRecord: 0.0ms)


Started GET "/" for 127.0.0.1 at 2018-10-30 11:46:28 +0100
  [1m[35m (2.1ms)[0m  [1m[34mSELECT "schema_migrations"."version" FROM "schema_migrations" ORDER BY "schema_migrations"."version" ASC[0m
  ↳ /var/lib/gems/2.5.0/gems/activerecord-5.2.1/lib/active_record/log_subscriber.rb:98
Processing by HomeController#home as HTML
  Rendering home/home.html.erb within layouts/application
  Rendered home/home.html.erb within layouts/application (1.7ms)
Completed 200 OK in 576ms (Views: 551.8ms | ActiveRecord: 0.0ms)


Started GET "/" for 127.0.0.1 at 2018-10-30 11:46:40 +0100
  [1m[35m (2.3ms)[0m  [1m[34mSELECT "schema_migrations"."version" FROM "schema_migrations" ORDER BY "schema_migrations"."version" ASC[0m
  ↳ /var/lib/gems/2.5.0/gems/activerecord-5.2.1/lib/active_record/log_subscriber.rb:98
Processing by HomeController#home as HTML
  Rendering home/home.html.erb within layouts/application
  Rendered home/home.html.erb within layouts/application (1.5ms)
Completed 200 OK in 565ms (Views: 540.9ms | ActiveRecord: 0.0ms)


Started GET "/team" for 127.0.0.1 at 2018-10-30 11:48:18 +0100
  [1m[35m (2.0ms)[0m  [1m[34mSELECT "schema_migrations"."version" FROM "schema_migrations" ORDER BY "schema_migrations"."version" ASC[0m
  ↳ /var/lib/gems/2.5.0/gems/activerecord-5.2.1/lib/active_record/log_subscriber.rb:98
Processing by HomeController#team as HTML
  Rendering home/team.html.erb within layouts/application
  Rendered home/team.html.erb within layouts/application (1.8ms)
Completed 200 OK in 570ms (Views: 545.8ms | ActiveRecord: 0.0ms)


Started GET "/gossips" for 127.0.0.1 at 2018-10-30 11:48:32 +0100
  [1m[35m (2.0ms)[0m  [1m[34mSELECT "schema_migrations"."version" FROM "schema_migrations" ORDER BY "schema_migrations"."version" ASC[0m
  ↳ /var/lib/gems/2.5.0/gems/activerecord-5.2.1/lib/active_record/log_subscriber.rb:98
Processing by GossipsController#list_gossips as HTML
  Rendering gossips/list_gossips.html.erb within layouts/application
  [1m[36mGossip Load (1.5ms)[0m  [1m[34mSELECT "gossips".* FROM "gossips"[0m
  ↳ app/views/gossips/list_gossips.html.erb:7
  Rendered gossips/list_gossips.html.erb within layouts/application (43.0ms)
Completed 200 OK in 629ms (Views: 590.7ms | ActiveRecord: 12.8ms)


Started GET "/gossips/1" for 127.0.0.1 at 2018-10-30 11:48:39 +0100
  [1m[35m (2.0ms)[0m  [1m[34mSELECT "schema_migrations"."version" FROM "schema_migrations" ORDER BY "schema_migrations"."version" ASC[0m
  ↳ /var/lib/gems/2.5.0/gems/activerecord-5.2.1/lib/active_record/log_subscriber.rb:98
Processing by GossipsController#single_gossip as HTML
  Parameters: {"id"=>"1"}
  [1m[36mGossip Load (1.4ms)[0m  [1m[34mSELECT  "gossips".* FROM "gossips" WHERE "gossips"."id" = $1 LIMIT $2[0m  [["id", 1], ["LIMIT", 1]]
  ↳ app/controllers/gossips_controller.rb:3
  Rendering gossips/single_gossip.html.erb within layouts/application
  Rendered gossips/single_gossip.html.erb within layouts/application (2.9ms)
Completed 200 OK in 616ms (Views: 549.0ms | ActiveRecord: 14.8ms)


Started GET "/gossips" for 127.0.0.1 at 2018-10-30 11:48:55 +0100
  [1m[35m (2.3ms)[0m  [1m[34mSELECT "schema_migrations"."version" FROM "schema_migrations" ORDER BY "schema_migrations"."version" ASC[0m
  ↳ /var/lib/gems/2.5.0/gems/activerecord-5.2.1/lib/active_record/log_subscriber.rb:98
Processing by GossipsController#list_gossips as HTML
  Rendering gossips/list_gossips.html.erb within layouts/application
  [1m[36mGossip Load (1.6ms)[0m  [1m[34mSELECT "gossips".* FROM "gossips"[0m
  ↳ app/views/gossips/list_gossips.html.erb:7
  Rendered gossips/list_gossips.html.erb within layouts/application (49.3ms)
Completed 200 OK in 700ms (Views: 658.9ms | ActiveRecord: 14.4ms)


Started GET "/" for 127.0.0.1 at 2018-10-30 11:49:05 +0100
  [1m[35m (2.2ms)[0m  [1m[34mSELECT "schema_migrations"."version" FROM "schema_migrations" ORDER BY "schema_migrations"."version" ASC[0m
  ↳ /var/lib/gems/2.5.0/gems/activerecord-5.2.1/lib/active_record/log_subscriber.rb:98
Processing by HomeController#home as HTML
  Rendering home/home.html.erb within layouts/application
  Rendered home/home.html.erb within layouts/application (1.6ms)
Completed 200 OK in 580ms (Views: 556.3ms | ActiveRecord: 0.0ms)


Started GET "/" for 127.0.0.1 at 2018-10-30 21:22:58 +0100
  [1m[35m (2.5ms)[0m  [1m[34mSELECT "schema_migrations"."version" FROM "schema_migrations" ORDER BY "schema_migrations"."version" ASC[0m
  ↳ /var/lib/gems/2.5.0/gems/activerecord-5.2.1/lib/active_record/log_subscriber.rb:98
Processing by HomeController#home as HTML
  Rendering home/home.html.erb within layouts/application
  Rendered home/home.html.erb within layouts/application (10.9ms)
Completed 200 OK in 674ms (Views: 649.6ms | ActiveRecord: 0.0ms)


Started GET "/gossips" for 127.0.0.1 at 2018-10-30 21:24:42 +0100
  [1m[35m (1.6ms)[0m  [1m[34mSELECT "schema_migrations"."version" FROM "schema_migrations" ORDER BY "schema_migrations"."version" ASC[0m
  ↳ /var/lib/gems/2.5.0/gems/activerecord-5.2.1/lib/active_record/log_subscriber.rb:98
Processing by GossipsController#list_gossips as HTML
  Rendering gossips/list_gossips.html.erb within layouts/application
  [1m[36mGossip Load (1.4ms)[0m  [1m[34mSELECT "gossips".* FROM "gossips"[0m
  ↳ app/views/gossips/list_gossips.html.erb:7
  Rendered gossips/list_gossips.html.erb within layouts/application (60.7ms)
Completed 200 OK in 513ms (Views: 476.8ms | ActiveRecord: 12.7ms)


Started GET "/" for 127.0.0.1 at 2018-10-30 21:33:07 +0100
  [1m[35m (2.1ms)[0m  [1m[34mSELECT "schema_migrations"."version" FROM "schema_migrations" ORDER BY "schema_migrations"."version" ASC[0m
  ↳ /var/lib/gems/2.5.0/gems/activerecord-5.2.1/lib/active_record/log_subscriber.rb:98
Processing by HomeController#home as HTML
  Rendering home/home.html.erb within layouts/application
  Rendered home/home.html.erb within layouts/application (1.1ms)
Completed 200 OK in 535ms (Views: 515.3ms | ActiveRecord: 0.0ms)


Started GET "/gossips" for 127.0.0.1 at 2018-10-30 21:33:15 +0100
  [1m[35m (1.8ms)[0m  [1m[34mSELECT "schema_migrations"."version" FROM "schema_migrations" ORDER BY "schema_migrations"."version" ASC[0m
  ↳ /var/lib/gems/2.5.0/gems/activerecord-5.2.1/lib/active_record/log_subscriber.rb:98
Processing by GossipsController#list_gossips as HTML
  Rendering gossips/list_gossips.html.erb within layouts/application
  [1m[36mGossip Load (1.6ms)[0m  [1m[34mSELECT "gossips".* FROM "gossips"[0m
  ↳ app/views/gossips/list_gossips.html.erb:7
  Rendered gossips/list_gossips.html.erb within layouts/application (53.7ms)
Completed 200 OK in 504ms (Views: 472.1ms | ActiveRecord: 12.5ms)


Started GET "/gossips" for 127.0.0.1 at 2018-10-30 21:34:37 +0100
  [1m[35m (1.7ms)[0m  [1m[34mSELECT "schema_migrations"."version" FROM "schema_migrations" ORDER BY "schema_migrations"."version" ASC[0m
  ↳ /var/lib/gems/2.5.0/gems/activerecord-5.2.1/lib/active_record/log_subscriber.rb:98
Processing by GossipsController#list_gossips as HTML
  Rendering gossips/list_gossips.html.erb within layouts/application
  [1m[36mGossip Load (1.2ms)[0m  [1m[34mSELECT "gossips".* FROM "gossips"[0m
  ↳ app/views/gossips/list_gossips.html.erb:7
  Rendered gossips/list_gossips.html.erb within layouts/application (34.2ms)
Completed 200 OK in 495ms (Views: 464.9ms | ActiveRecord: 11.3ms)


Started GET "/" for 127.0.0.1 at 2018-10-30 21:34:48 +0100
  [1m[35m (1.9ms)[0m  [1m[34mSELECT "schema_migrations"."version" FROM "schema_migrations" ORDER BY "schema_migrations"."version" ASC[0m
  ↳ /var/lib/gems/2.5.0/gems/activerecord-5.2.1/lib/active_record/log_subscriber.rb:98
Processing by HomeController#home as HTML
  Rendering home/home.html.erb within layouts/application
  Rendered home/home.html.erb within layouts/application (1.1ms)
Completed 200 OK in 444ms (Views: 423.7ms | ActiveRecord: 0.0ms)


Started GET "/team" for 127.0.0.1 at 2018-10-30 21:34:53 +0100
  [1m[35m (2.2ms)[0m  [1m[34mSELECT "schema_migrations"."version" FROM "schema_migrations" ORDER BY "schema_migrations"."version" ASC[0m
  ↳ /var/lib/gems/2.5.0/gems/activerecord-5.2.1/lib/active_record/log_subscriber.rb:98
Processing by HomeController#team as HTML
  Rendering home/team.html.erb within layouts/application
  Rendered home/team.html.erb within layouts/application (1.6ms)
Completed 200 OK in 465ms (Views: 430.1ms | ActiveRecord: 0.0ms)


Started GET "/contact" for 127.0.0.1 at 2018-10-30 21:34:58 +0100
  [1m[35m (2.1ms)[0m  [1m[34mSELECT "schema_migrations"."version" FROM "schema_migrations" ORDER BY "schema_migrations"."version" ASC[0m
  ↳ /var/lib/gems/2.5.0/gems/activerecord-5.2.1/lib/active_record/log_subscriber.rb:98
Processing by HomeController#contact as HTML
  Rendering home/contact.html.erb within layouts/application
  Rendered home/contact.html.erb within layouts/application (1.4ms)
Completed 200 OK in 448ms (Views: 424.3ms | ActiveRecord: 0.0ms)


Started GET "/" for 127.0.0.1 at 2018-10-30 21:35:06 +0100
  [1m[35m (2.1ms)[0m  [1m[34mSELECT "schema_migrations"."version" FROM "schema_migrations" ORDER BY "schema_migrations"."version" ASC[0m
  ↳ /var/lib/gems/2.5.0/gems/activerecord-5.2.1/lib/active_record/log_subscriber.rb:98
Processing by HomeController#home as HTML
  Rendering home/home.html.erb within layouts/application
  Rendered home/home.html.erb within layouts/application (1.2ms)
Completed 200 OK in 469ms (Views: 448.2ms | ActiveRecord: 0.0ms)


Started GET "/" for 127.0.0.1 at 2018-10-30 21:41:35 +0100
  [1m[35m (2.0ms)[0m  [1m[34mSELECT "schema_migrations"."version" FROM "schema_migrations" ORDER BY "schema_migrations"."version" ASC[0m
  ↳ /var/lib/gems/2.5.0/gems/activerecord-5.2.1/lib/active_record/log_subscriber.rb:98
Processing by HomeController#home as HTML
  Rendering home/home.html.erb within layouts/application
  Rendered home/home.html.erb within layouts/application (1.9ms)
Completed 200 OK in 530ms (Views: 511.7ms | ActiveRecord: 0.0ms)


Started GET "/" for 127.0.0.1 at 2018-10-30 21:48:40 +0100
  [1m[35m (1.8ms)[0m  [1m[34mSELECT "schema_migrations"."version" FROM "schema_migrations" ORDER BY "schema_migrations"."version" ASC[0m
  ↳ /var/lib/gems/2.5.0/gems/activerecord-5.2.1/lib/active_record/log_subscriber.rb:98
Processing by HomeController#home as HTML
  Rendering home/home.html.erb within layouts/application
  Rendered home/home.html.erb within layouts/application (1.1ms)
Completed 200 OK in 472ms (Views: 453.5ms | ActiveRecord: 0.0ms)


Started GET "/" for 127.0.0.1 at 2018-10-30 21:52:45 +0100
  [1m[35m (1.8ms)[0m  [1m[34mSELECT "schema_migrations"."version" FROM "schema_migrations" ORDER BY "schema_migrations"."version" ASC[0m
  ↳ /var/lib/gems/2.5.0/gems/activerecord-5.2.1/lib/active_record/log_subscriber.rb:98
Processing by HomeController#home as HTML
  Rendering home/home.html.erb within layouts/application
  Rendered home/home.html.erb within layouts/application (0.9ms)
Completed 200 OK in 428ms (Views: 409.8ms | ActiveRecord: 0.0ms)


